CRITICAL - 2023-10-11 01:37:25 --> include(includes/header.php): Failed to open stream: No such file or directory
in APPPATH\Views\pages\addnewlot.php on line 40.
 1 APPPATH\Views\pages\addnewlot.php(40): CodeIgniter\Debug\Exceptions->errorHandler(2, 'include(includes/header.php): Failed to open stream: No such file or directory', 'C:\\xampp\\htdocs\\CI4\\app\\Views\\pages\\addnewlot.php', 40)
 2 APPPATH\Views\pages\addnewlot.php(40): include()
 3 SYSTEMPATH\View\View.php(226): include('C:\\xampp\\htdocs\\CI4\\app\\Views\\pages\\addnewlot.php')
 4 SYSTEMPATH\View\View.php(229): CodeIgniter\View\View->CodeIgniter\View\{closure}()
 5 SYSTEMPATH\Common.php(1188): CodeIgniter\View\View->render('pages/addnewlot', [], true)
 6 APPPATH\Controllers\Lot.php(9): view('pages/addnewlot')
 7 SYSTEMPATH\CodeIgniter.php(919): App\Controllers\Lot->index()
 8 SYSTEMPATH\CodeIgniter.php(494): CodeIgniter\CodeIgniter->runController(Object(App\Controllers\Lot))
 9 SYSTEMPATH\CodeIgniter.php(353): CodeIgniter\CodeIgniter->handleRequest(null, Object(Config\Cache), false)
10 FCPATH\index.php(79): CodeIgniter\CodeIgniter->run()
CRITICAL - 2023-10-11 01:37:31 --> include(includes/header.php): Failed to open stream: No such file or directory
in APPPATH\Views\pages\addnewlot.php on line 40.
 1 APPPATH\Views\pages\addnewlot.php(40): CodeIgniter\Debug\Exceptions->errorHandler(2, 'include(includes/header.php): Failed to open stream: No such file or directory', 'C:\\xampp\\htdocs\\CI4\\app\\Views\\pages\\addnewlot.php', 40)
 2 APPPATH\Views\pages\addnewlot.php(40): include()
 3 SYSTEMPATH\View\View.php(226): include('C:\\xampp\\htdocs\\CI4\\app\\Views\\pages\\addnewlot.php')
 4 SYSTEMPATH\View\View.php(229): CodeIgniter\View\View->CodeIgniter\View\{closure}()
 5 SYSTEMPATH\Common.php(1188): CodeIgniter\View\View->render('pages/addnewlot', [], true)
 6 APPPATH\Controllers\Lot.php(9): view('pages/addnewlot')
 7 SYSTEMPATH\CodeIgniter.php(919): App\Controllers\Lot->index()
 8 SYSTEMPATH\CodeIgniter.php(494): CodeIgniter\CodeIgniter->runController(Object(App\Controllers\Lot))
 9 SYSTEMPATH\CodeIgniter.php(353): CodeIgniter\CodeIgniter->handleRequest(null, Object(Config\Cache), false)
10 FCPATH\index.php(79): CodeIgniter\CodeIgniter->run()
CRITICAL - 2023-10-11 02:28:26 --> Invalid file: "report.php"
in SYSTEMPATH\Exceptions\FrameworkException.php on line 39.
 1 SYSTEMPATH\View\View.php(214): CodeIgniter\Exceptions\FrameworkException::forInvalidFile('report.php')
 2 SYSTEMPATH\Common.php(1188): CodeIgniter\View\View->render('report', [], true)
 3 APPPATH\Controllers\Report.php(9): view('report')
 4 SYSTEMPATH\CodeIgniter.php(919): App\Controllers\Report->index()
 5 SYSTEMPATH\CodeIgniter.php(494): CodeIgniter\CodeIgniter->runController(Object(App\Controllers\Report))
 6 SYSTEMPATH\CodeIgniter.php(353): CodeIgniter\CodeIgniter->handleRequest(null, Object(Config\Cache), false)
 7 FCPATH\index.php(79): CodeIgniter\CodeIgniter->run()
CRITICAL - 2023-10-11 02:28:41 --> include(header.php): Failed to open stream: No such file or directory
in APPPATH\Views\vendor.php on line 12.
 1 APPPATH\Views\vendor.php(12): CodeIgniter\Debug\Exceptions->errorHandler(2, 'include(header.php): Failed to open stream: No such file or directory', 'C:\\xampp\\htdocs\\CI4\\app\\Views\\vendor.php', 12)
 2 APPPATH\Views\vendor.php(12): include()
 3 SYSTEMPATH\View\View.php(226): include('C:\\xampp\\htdocs\\CI4\\app\\Views\\vendor.php')
 4 SYSTEMPATH\View\View.php(229): CodeIgniter\View\View->CodeIgniter\View\{closure}()
 5 SYSTEMPATH\Common.php(1188): CodeIgniter\View\View->render('vendor', [], true)
 6 APPPATH\Controllers\Vendor.php(9): view('vendor')
 7 SYSTEMPATH\CodeIgniter.php(919): App\Controllers\Vendor->index()
 8 SYSTEMPATH\CodeIgniter.php(494): CodeIgniter\CodeIgniter->runController(Object(App\Controllers\Vendor))
 9 SYSTEMPATH\CodeIgniter.php(353): CodeIgniter\CodeIgniter->handleRequest(null, Object(Config\Cache), false)
10 FCPATH\index.php(79): CodeIgniter\CodeIgniter->run()
CRITICAL - 2023-10-11 02:28:54 --> Invalid file: "lotno.php"
in SYSTEMPATH\Exceptions\FrameworkException.php on line 39.
 1 SYSTEMPATH\View\View.php(214): CodeIgniter\Exceptions\FrameworkException::forInvalidFile('lotno.php')
 2 SYSTEMPATH\Common.php(1188): CodeIgniter\View\View->render('lotno', [], true)
 3 APPPATH\Controllers\LotNo.php(9): view('lotno')
 4 SYSTEMPATH\CodeIgniter.php(919): App\Controllers\LotNo->index()
 5 SYSTEMPATH\CodeIgniter.php(494): CodeIgniter\CodeIgniter->runController(Object(App\Controllers\LotNo))
 6 SYSTEMPATH\CodeIgniter.php(353): CodeIgniter\CodeIgniter->handleRequest(null, Object(Config\Cache), false)
 7 FCPATH\index.php(79): CodeIgniter\CodeIgniter->run()
CRITICAL - 2023-10-11 02:45:59 --> Invalid file: "report.php"
in SYSTEMPATH\Exceptions\FrameworkException.php on line 39.
 1 SYSTEMPATH\View\View.php(214): CodeIgniter\Exceptions\FrameworkException::forInvalidFile('report.php')
 2 SYSTEMPATH\Common.php(1188): CodeIgniter\View\View->render('report', [], true)
 3 APPPATH\Controllers\Report.php(9): view('report')
 4 SYSTEMPATH\CodeIgniter.php(919): App\Controllers\Report->index()
 5 SYSTEMPATH\CodeIgniter.php(494): CodeIgniter\CodeIgniter->runController(Object(App\Controllers\Report))
 6 SYSTEMPATH\CodeIgniter.php(353): CodeIgniter\CodeIgniter->handleRequest(null, Object(Config\Cache), false)
 7 FCPATH\index.php(79): CodeIgniter\CodeIgniter->run()
CRITICAL - 2023-10-11 02:46:12 --> include(header.php): Failed to open stream: No such file or directory
in APPPATH\Views\vendor.php on line 12.
 1 APPPATH\Views\vendor.php(12): CodeIgniter\Debug\Exceptions->errorHandler(2, 'include(header.php): Failed to open stream: No such file or directory', 'C:\\xampp\\htdocs\\CI4\\CI4\\app\\Views\\vendor.php', 12)
 2 APPPATH\Views\vendor.php(12): include()
 3 SYSTEMPATH\View\View.php(226): include('C:\\xampp\\htdocs\\CI4\\CI4\\app\\Views\\vendor.php')
 4 SYSTEMPATH\View\View.php(229): CodeIgniter\View\View->CodeIgniter\View\{closure}()
 5 SYSTEMPATH\Common.php(1188): CodeIgniter\View\View->render('vendor', [], true)
 6 APPPATH\Controllers\Vendor.php(9): view('vendor')
 7 SYSTEMPATH\CodeIgniter.php(919): App\Controllers\Vendor->index()
 8 SYSTEMPATH\CodeIgniter.php(494): CodeIgniter\CodeIgniter->runController(Object(App\Controllers\Vendor))
 9 SYSTEMPATH\CodeIgniter.php(353): CodeIgniter\CodeIgniter->handleRequest(null, Object(Config\Cache), false)
10 FCPATH\index.php(79): CodeIgniter\CodeIgniter->run()
CRITICAL - 2023-10-11 02:48:51 --> include(header.php): Failed to open stream: No such file or directory
in APPPATH\Views\vendor.php on line 12.
 1 APPPATH\Views\vendor.php(12): CodeIgniter\Debug\Exceptions->errorHandler(2, 'include(header.php): Failed to open stream: No such file or directory', 'C:\\xampp\\htdocs\\CI4\\CI4\\app\\Views\\vendor.php', 12)
 2 APPPATH\Views\vendor.php(12): include()
 3 SYSTEMPATH\View\View.php(226): include('C:\\xampp\\htdocs\\CI4\\CI4\\app\\Views\\vendor.php')
 4 SYSTEMPATH\View\View.php(229): CodeIgniter\View\View->CodeIgniter\View\{closure}()
 5 SYSTEMPATH\Common.php(1188): CodeIgniter\View\View->render('vendor', [], true)
 6 APPPATH\Controllers\Vendor.php(9): view('vendor')
 7 SYSTEMPATH\CodeIgniter.php(919): App\Controllers\Vendor->index()
 8 SYSTEMPATH\CodeIgniter.php(494): CodeIgniter\CodeIgniter->runController(Object(App\Controllers\Vendor))
 9 SYSTEMPATH\CodeIgniter.php(353): CodeIgniter\CodeIgniter->handleRequest(null, Object(Config\Cache), false)
10 FCPATH\index.php(79): CodeIgniter\CodeIgniter->run()
CRITICAL - 2023-10-11 02:48:55 --> Invalid file: "lotno.php"
in SYSTEMPATH\Exceptions\FrameworkException.php on line 39.
 1 SYSTEMPATH\View\View.php(214): CodeIgniter\Exceptions\FrameworkException::forInvalidFile('lotno.php')
 2 SYSTEMPATH\Common.php(1188): CodeIgniter\View\View->render('lotno', [], true)
 3 APPPATH\Controllers\LotNo.php(9): view('lotno')
 4 SYSTEMPATH\CodeIgniter.php(919): App\Controllers\LotNo->index()
 5 SYSTEMPATH\CodeIgniter.php(494): CodeIgniter\CodeIgniter->runController(Object(App\Controllers\LotNo))
 6 SYSTEMPATH\CodeIgniter.php(353): CodeIgniter\CodeIgniter->handleRequest(null, Object(Config\Cache), false)
 7 FCPATH\index.php(79): CodeIgniter\CodeIgniter->run()
CRITICAL - 2023-10-11 02:49:03 --> Invalid file: "report.php"
in SYSTEMPATH\Exceptions\FrameworkException.php on line 39.
 1 SYSTEMPATH\View\View.php(214): CodeIgniter\Exceptions\FrameworkException::forInvalidFile('report.php')
 2 SYSTEMPATH\Common.php(1188): CodeIgniter\View\View->render('report', [], true)
 3 APPPATH\Controllers\Report.php(9): view('report')
 4 SYSTEMPATH\CodeIgniter.php(919): App\Controllers\Report->index()
 5 SYSTEMPATH\CodeIgniter.php(494): CodeIgniter\CodeIgniter->runController(Object(App\Controllers\Report))
 6 SYSTEMPATH\CodeIgniter.php(353): CodeIgniter\CodeIgniter->handleRequest(null, Object(Config\Cache), false)
 7 FCPATH\index.php(79): CodeIgniter\CodeIgniter->run()
CRITICAL - 2023-10-11 02:49:28 --> Invalid file: "lotno.php"
in SYSTEMPATH\Exceptions\FrameworkException.php on line 39.
 1 SYSTEMPATH\View\View.php(214): CodeIgniter\Exceptions\FrameworkException::forInvalidFile('lotno.php')
 2 SYSTEMPATH\Common.php(1188): CodeIgniter\View\View->render('lotno', [], true)
 3 APPPATH\Controllers\LotNo.php(9): view('lotno')
 4 SYSTEMPATH\CodeIgniter.php(919): App\Controllers\LotNo->index()
 5 SYSTEMPATH\CodeIgniter.php(494): CodeIgniter\CodeIgniter->runController(Object(App\Controllers\LotNo))
 6 SYSTEMPATH\CodeIgniter.php(353): CodeIgniter\CodeIgniter->handleRequest(null, Object(Config\Cache), false)
 7 FCPATH\index.php(79): CodeIgniter\CodeIgniter->run()
CRITICAL - 2023-10-11 02:49:32 --> include(header.php): Failed to open stream: No such file or directory
in APPPATH\Views\vendor.php on line 12.
 1 APPPATH\Views\vendor.php(12): CodeIgniter\Debug\Exceptions->errorHandler(2, 'include(header.php): Failed to open stream: No such file or directory', 'C:\\xampp\\htdocs\\CI4\\CI4\\app\\Views\\vendor.php', 12)
 2 APPPATH\Views\vendor.php(12): include()
 3 SYSTEMPATH\View\View.php(226): include('C:\\xampp\\htdocs\\CI4\\CI4\\app\\Views\\vendor.php')
 4 SYSTEMPATH\View\View.php(229): CodeIgniter\View\View->CodeIgniter\View\{closure}()
 5 SYSTEMPATH\Common.php(1188): CodeIgniter\View\View->render('vendor', [], true)
 6 APPPATH\Controllers\Vendor.php(9): view('vendor')
 7 SYSTEMPATH\CodeIgniter.php(919): App\Controllers\Vendor->index()
 8 SYSTEMPATH\CodeIgniter.php(494): CodeIgniter\CodeIgniter->runController(Object(App\Controllers\Vendor))
 9 SYSTEMPATH\CodeIgniter.php(353): CodeIgniter\CodeIgniter->handleRequest(null, Object(Config\Cache), false)
10 FCPATH\index.php(79): CodeIgniter\CodeIgniter->run()
CRITICAL - 2023-10-11 02:56:53 --> Invalid file: "report.php"
in SYSTEMPATH\Exceptions\FrameworkException.php on line 39.
 1 SYSTEMPATH\View\View.php(214): CodeIgniter\Exceptions\FrameworkException::forInvalidFile('report.php')
 2 SYSTEMPATH\Common.php(1188): CodeIgniter\View\View->render('report', [], true)
 3 APPPATH\Controllers\Report.php(9): view('report')
 4 SYSTEMPATH\CodeIgniter.php(919): App\Controllers\Report->index()
 5 SYSTEMPATH\CodeIgniter.php(494): CodeIgniter\CodeIgniter->runController(Object(App\Controllers\Report))
 6 SYSTEMPATH\CodeIgniter.php(353): CodeIgniter\CodeIgniter->handleRequest(null, Object(Config\Cache), false)
 7 FCPATH\index.php(79): CodeIgniter\CodeIgniter->run()
CRITICAL - 2023-10-11 03:14:18 --> include(header.php): Failed to open stream: No such file or directory
in APPPATH\Views\vendor.php on line 12.
 1 APPPATH\Views\vendor.php(12): CodeIgniter\Debug\Exceptions->errorHandler(2, 'include(header.php): Failed to open stream: No such file or directory', 'C:\\xampp\\htdocs\\CI4\\CI4\\app\\Views\\vendor.php', 12)
 2 APPPATH\Views\vendor.php(12): include()
 3 SYSTEMPATH\View\View.php(226): include('C:\\xampp\\htdocs\\CI4\\CI4\\app\\Views\\vendor.php')
 4 SYSTEMPATH\View\View.php(229): CodeIgniter\View\View->CodeIgniter\View\{closure}()
 5 SYSTEMPATH\Common.php(1188): CodeIgniter\View\View->render('vendor', [], true)
 6 APPPATH\Controllers\Vendor.php(9): view('vendor')
 7 SYSTEMPATH\CodeIgniter.php(919): App\Controllers\Vendor->index()
 8 SYSTEMPATH\CodeIgniter.php(494): CodeIgniter\CodeIgniter->runController(Object(App\Controllers\Vendor))
 9 SYSTEMPATH\CodeIgniter.php(353): CodeIgniter\CodeIgniter->handleRequest(null, Object(Config\Cache), false)
10 FCPATH\index.php(79): CodeIgniter\CodeIgniter->run()
CRITICAL - 2023-10-11 03:16:11 --> include(header.php): Failed to open stream: No such file or directory
in APPPATH\Views\vendor.php on line 12.
 1 APPPATH\Views\vendor.php(12): CodeIgniter\Debug\Exceptions->errorHandler(2, 'include(header.php): Failed to open stream: No such file or directory', 'C:\\xampp\\htdocs\\CI4\\CI4\\app\\Views\\vendor.php', 12)
 2 APPPATH\Views\vendor.php(12): include()
 3 SYSTEMPATH\View\View.php(226): include('C:\\xampp\\htdocs\\CI4\\CI4\\app\\Views\\vendor.php')
 4 SYSTEMPATH\View\View.php(229): CodeIgniter\View\View->CodeIgniter\View\{closure}()
 5 SYSTEMPATH\Common.php(1188): CodeIgniter\View\View->render('vendor', [], true)
 6 APPPATH\Controllers\Vendor.php(9): view('vendor')
 7 SYSTEMPATH\CodeIgniter.php(919): App\Controllers\Vendor->index()
 8 SYSTEMPATH\CodeIgniter.php(494): CodeIgniter\CodeIgniter->runController(Object(App\Controllers\Vendor))
 9 SYSTEMPATH\CodeIgniter.php(353): CodeIgniter\CodeIgniter->handleRequest(null, Object(Config\Cache), false)
10 FCPATH\index.php(79): CodeIgniter\CodeIgniter->run()
CRITICAL - 2023-10-11 03:26:33 --> include(header.php): Failed to open stream: No such file or directory
in APPPATH\Views\vendor.php on line 12.
 1 APPPATH\Views\vendor.php(12): CodeIgniter\Debug\Exceptions->errorHandler(2, 'include(header.php): Failed to open stream: No such file or directory', 'C:\\xampp\\htdocs\\CI4\\CI4\\app\\Views\\vendor.php', 12)
 2 APPPATH\Views\vendor.php(12): include()
 3 SYSTEMPATH\View\View.php(226): include('C:\\xampp\\htdocs\\CI4\\CI4\\app\\Views\\vendor.php')
 4 SYSTEMPATH\View\View.php(229): CodeIgniter\View\View->CodeIgniter\View\{closure}()
 5 SYSTEMPATH\Common.php(1188): CodeIgniter\View\View->render('vendor', [], true)
 6 APPPATH\Controllers\Vendor.php(9): view('vendor')
 7 SYSTEMPATH\CodeIgniter.php(919): App\Controllers\Vendor->index()
 8 SYSTEMPATH\CodeIgniter.php(494): CodeIgniter\CodeIgniter->runController(Object(App\Controllers\Vendor))
 9 SYSTEMPATH\CodeIgniter.php(353): CodeIgniter\CodeIgniter->handleRequest(null, Object(Config\Cache), false)
10 FCPATH\index.php(79): CodeIgniter\CodeIgniter->run()
CRITICAL - 2023-10-11 03:38:01 --> include(header.php): Failed to open stream: No such file or directory
in APPPATH\Views\vendor.php on line 12.
 1 APPPATH\Views\vendor.php(12): CodeIgniter\Debug\Exceptions->errorHandler(2, 'include(header.php): Failed to open stream: No such file or directory', 'C:\\xampp\\htdocs\\CI4\\CI4\\app\\Views\\vendor.php', 12)
 2 APPPATH\Views\vendor.php(12): include()
 3 SYSTEMPATH\View\View.php(226): include('C:\\xampp\\htdocs\\CI4\\CI4\\app\\Views\\vendor.php')
 4 SYSTEMPATH\View\View.php(229): CodeIgniter\View\View->CodeIgniter\View\{closure}()
 5 SYSTEMPATH\Common.php(1188): CodeIgniter\View\View->render('vendor', [], true)
 6 APPPATH\Controllers\Vendor.php(9): view('vendor')
 7 SYSTEMPATH\CodeIgniter.php(919): App\Controllers\Vendor->index()
 8 SYSTEMPATH\CodeIgniter.php(494): CodeIgniter\CodeIgniter->runController(Object(App\Controllers\Vendor))
 9 SYSTEMPATH\CodeIgniter.php(353): CodeIgniter\CodeIgniter->handleRequest(null, Object(Config\Cache), false)
10 FCPATH\index.php(79): CodeIgniter\CodeIgniter->run()
CRITICAL - 2023-10-11 04:35:49 --> include(header.php): Failed to open stream: No such file or directory
in APPPATH\Views\vendor.php on line 12.
 1 APPPATH\Views\vendor.php(12): CodeIgniter\Debug\Exceptions->errorHandler(2, 'include(header.php): Failed to open stream: No such file or directory', 'C:\\xampp\\htdocs\\CI4\\CI4\\app\\Views\\vendor.php', 12)
 2 APPPATH\Views\vendor.php(12): include()
 3 SYSTEMPATH\View\View.php(226): include('C:\\xampp\\htdocs\\CI4\\CI4\\app\\Views\\vendor.php')
 4 SYSTEMPATH\View\View.php(229): CodeIgniter\View\View->CodeIgniter\View\{closure}()
 5 SYSTEMPATH\Common.php(1188): CodeIgniter\View\View->render('vendor', [], true)
 6 APPPATH\Controllers\Vendor.php(9): view('vendor')
 7 SYSTEMPATH\CodeIgniter.php(919): App\Controllers\Vendor->index()
 8 SYSTEMPATH\CodeIgniter.php(494): CodeIgniter\CodeIgniter->runController(Object(App\Controllers\Vendor))
 9 SYSTEMPATH\CodeIgniter.php(353): CodeIgniter\CodeIgniter->handleRequest(null, Object(Config\Cache), false)
10 FCPATH\index.php(79): CodeIgniter\CodeIgniter->run()
CRITICAL - 2023-10-11 04:36:01 --> Invalid file: "lotno.php"
in SYSTEMPATH\Exceptions\FrameworkException.php on line 39.
 1 SYSTEMPATH\View\View.php(214): CodeIgniter\Exceptions\FrameworkException::forInvalidFile('lotno.php')
 2 SYSTEMPATH\Common.php(1188): CodeIgniter\View\View->render('lotno', [], true)
 3 APPPATH\Controllers\LotNo.php(9): view('lotno')
 4 SYSTEMPATH\CodeIgniter.php(919): App\Controllers\LotNo->index()
 5 SYSTEMPATH\CodeIgniter.php(494): CodeIgniter\CodeIgniter->runController(Object(App\Controllers\LotNo))
 6 SYSTEMPATH\CodeIgniter.php(353): CodeIgniter\CodeIgniter->handleRequest(null, Object(Config\Cache), false)
 7 FCPATH\index.php(79): CodeIgniter\CodeIgniter->run()
CRITICAL - 2023-10-11 04:36:11 --> include(header.php): Failed to open stream: No such file or directory
in APPPATH\Views\vendor.php on line 12.
 1 APPPATH\Views\vendor.php(12): CodeIgniter\Debug\Exceptions->errorHandler(2, 'include(header.php): Failed to open stream: No such file or directory', 'C:\\xampp\\htdocs\\CI4\\CI4\\app\\Views\\vendor.php', 12)
 2 APPPATH\Views\vendor.php(12): include()
 3 SYSTEMPATH\View\View.php(226): include('C:\\xampp\\htdocs\\CI4\\CI4\\app\\Views\\vendor.php')
 4 SYSTEMPATH\View\View.php(229): CodeIgniter\View\View->CodeIgniter\View\{closure}()
 5 SYSTEMPATH\Common.php(1188): CodeIgniter\View\View->render('vendor', [], true)
 6 APPPATH\Controllers\Vendor.php(9): view('vendor')
 7 SYSTEMPATH\CodeIgniter.php(919): App\Controllers\Vendor->index()
 8 SYSTEMPATH\CodeIgniter.php(494): CodeIgniter\CodeIgniter->runController(Object(App\Controllers\Vendor))
 9 SYSTEMPATH\CodeIgniter.php(353): CodeIgniter\CodeIgniter->handleRequest(null, Object(Config\Cache), false)
10 FCPATH\index.php(79): CodeIgniter\CodeIgniter->run()
CRITICAL - 2023-10-11 06:35:23 --> Invalid file: "lotno.php"
in SYSTEMPATH\Exceptions\FrameworkException.php on line 39.
 1 SYSTEMPATH\View\View.php(214): CodeIgniter\Exceptions\FrameworkException::forInvalidFile('lotno.php')
 2 SYSTEMPATH\Common.php(1188): CodeIgniter\View\View->render('lotno', [], true)
 3 APPPATH\Controllers\LotNo.php(9): view('lotno')
 4 SYSTEMPATH\CodeIgniter.php(919): App\Controllers\LotNo->index()
 5 SYSTEMPATH\CodeIgniter.php(494): CodeIgniter\CodeIgniter->runController(Object(App\Controllers\LotNo))
 6 SYSTEMPATH\CodeIgniter.php(353): CodeIgniter\CodeIgniter->handleRequest(null, Object(Config\Cache), false)
 7 FCPATH\index.php(79): CodeIgniter\CodeIgniter->run()
CRITICAL - 2023-10-11 06:35:29 --> Invalid file: "report.php"
in SYSTEMPATH\Exceptions\FrameworkException.php on line 39.
 1 SYSTEMPATH\View\View.php(214): CodeIgniter\Exceptions\FrameworkException::forInvalidFile('report.php')
 2 SYSTEMPATH\Common.php(1188): CodeIgniter\View\View->render('report', [], true)
 3 APPPATH\Controllers\Report.php(9): view('report')
 4 SYSTEMPATH\CodeIgniter.php(919): App\Controllers\Report->index()
 5 SYSTEMPATH\CodeIgniter.php(494): CodeIgniter\CodeIgniter->runController(Object(App\Controllers\Report))
 6 SYSTEMPATH\CodeIgniter.php(353): CodeIgniter\CodeIgniter->handleRequest(null, Object(Config\Cache), false)
 7 FCPATH\index.php(79): CodeIgniter\CodeIgniter->run()
CRITICAL - 2023-10-11 07:09:33 --> include(header.php): Failed to open stream: No such file or directory
in APPPATH\Views\vendor.php on line 12.
 1 APPPATH\Views\vendor.php(12): CodeIgniter\Debug\Exceptions->errorHandler(2, 'include(header.php): Failed to open stream: No such file or directory', 'C:\\xampp\\htdocs\\CI4\\CI4\\app\\Views\\vendor.php', 12)
 2 APPPATH\Views\vendor.php(12): include()
 3 SYSTEMPATH\View\View.php(226): include('C:\\xampp\\htdocs\\CI4\\CI4\\app\\Views\\vendor.php')
 4 SYSTEMPATH\View\View.php(229): CodeIgniter\View\View->CodeIgniter\View\{closure}()
 5 SYSTEMPATH\Common.php(1188): CodeIgniter\View\View->render('vendor', [], true)
 6 APPPATH\Controllers\Vendor.php(9): view('vendor')
 7 SYSTEMPATH\CodeIgniter.php(919): App\Controllers\Vendor->index()
 8 SYSTEMPATH\CodeIgniter.php(494): CodeIgniter\CodeIgniter->runController(Object(App\Controllers\Vendor))
 9 SYSTEMPATH\CodeIgniter.php(353): CodeIgniter\CodeIgniter->handleRequest(null, Object(Config\Cache), false)
10 FCPATH\index.php(79): CodeIgniter\CodeIgniter->run()
CRITICAL - 2023-10-11 07:15:47 --> include(header.php): Failed to open stream: No such file or directory
in APPPATH\Views\vendor.php on line 12.
 1 APPPATH\Views\vendor.php(12): CodeIgniter\Debug\Exceptions->errorHandler(2, 'include(header.php): Failed to open stream: No such file or directory', 'C:\\xampp\\htdocs\\CI4\\CI4\\app\\Views\\vendor.php', 12)
 2 APPPATH\Views\vendor.php(12): include()
 3 SYSTEMPATH\View\View.php(226): include('C:\\xampp\\htdocs\\CI4\\CI4\\app\\Views\\vendor.php')
 4 SYSTEMPATH\View\View.php(229): CodeIgniter\View\View->CodeIgniter\View\{closure}()
 5 SYSTEMPATH\Common.php(1188): CodeIgniter\View\View->render('vendor', [], true)
 6 APPPATH\Controllers\Vendor.php(9): view('vendor')
 7 SYSTEMPATH\CodeIgniter.php(919): App\Controllers\Vendor->index()
 8 SYSTEMPATH\CodeIgniter.php(494): CodeIgniter\CodeIgniter->runController(Object(App\Controllers\Vendor))
 9 SYSTEMPATH\CodeIgniter.php(353): CodeIgniter\CodeIgniter->handleRequest(null, Object(Config\Cache), false)
10 FCPATH\index.php(79): CodeIgniter\CodeIgniter->run()
CRITICAL - 2023-10-11 07:17:48 --> Invalid file: "lotno.php"
in SYSTEMPATH\Exceptions\FrameworkException.php on line 39.
 1 SYSTEMPATH\View\View.php(214): CodeIgniter\Exceptions\FrameworkException::forInvalidFile('lotno.php')
 2 SYSTEMPATH\Common.php(1188): CodeIgniter\View\View->render('lotno', [], true)
 3 APPPATH\Controllers\LotNo.php(9): view('lotno')
 4 SYSTEMPATH\CodeIgniter.php(919): App\Controllers\LotNo->index()
 5 SYSTEMPATH\CodeIgniter.php(494): CodeIgniter\CodeIgniter->runController(Object(App\Controllers\LotNo))
 6 SYSTEMPATH\CodeIgniter.php(353): CodeIgniter\CodeIgniter->handleRequest(null, Object(Config\Cache), false)
 7 FCPATH\index.php(79): CodeIgniter\CodeIgniter->run()
CRITICAL - 2023-10-11 08:19:33 --> Invalid file: "lotno.php"
in SYSTEMPATH\Exceptions\FrameworkException.php on line 39.
 1 SYSTEMPATH\View\View.php(214): CodeIgniter\Exceptions\FrameworkException::forInvalidFile('lotno.php')
 2 SYSTEMPATH\Common.php(1188): CodeIgniter\View\View->render('lotno', [], true)
 3 APPPATH\Controllers\LotNo.php(9): view('lotno')
 4 SYSTEMPATH\CodeIgniter.php(919): App\Controllers\LotNo->index()
 5 SYSTEMPATH\CodeIgniter.php(494): CodeIgniter\CodeIgniter->runController(Object(App\Controllers\LotNo))
 6 SYSTEMPATH\CodeIgniter.php(353): CodeIgniter\CodeIgniter->handleRequest(null, Object(Config\Cache), false)
 7 FCPATH\index.php(79): CodeIgniter\CodeIgniter->run()
CRITICAL - 2023-10-11 08:19:37 --> Invalid file: "lotno.php"
in SYSTEMPATH\Exceptions\FrameworkException.php on line 39.
 1 SYSTEMPATH\View\View.php(214): CodeIgniter\Exceptions\FrameworkException::forInvalidFile('lotno.php')
 2 SYSTEMPATH\Common.php(1188): CodeIgniter\View\View->render('lotno', [], true)
 3 APPPATH\Controllers\LotNo.php(9): view('lotno')
 4 SYSTEMPATH\CodeIgniter.php(919): App\Controllers\LotNo->index()
 5 SYSTEMPATH\CodeIgniter.php(494): CodeIgniter\CodeIgniter->runController(Object(App\Controllers\LotNo))
 6 SYSTEMPATH\CodeIgniter.php(353): CodeIgniter\CodeIgniter->handleRequest(null, Object(Config\Cache), false)
 7 FCPATH\index.php(79): CodeIgniter\CodeIgniter->run()
CRITICAL - 2023-10-11 08:22:29 --> Invalid file: "lotno.php"
in SYSTEMPATH\Exceptions\FrameworkException.php on line 39.
 1 SYSTEMPATH\View\View.php(214): CodeIgniter\Exceptions\FrameworkException::forInvalidFile('lotno.php')
 2 SYSTEMPATH\Common.php(1188): CodeIgniter\View\View->render('lotno', [], true)
 3 APPPATH\Controllers\LotNo.php(9): view('lotno')
 4 SYSTEMPATH\CodeIgniter.php(919): App\Controllers\LotNo->index()
 5 SYSTEMPATH\CodeIgniter.php(494): CodeIgniter\CodeIgniter->runController(Object(App\Controllers\LotNo))
 6 SYSTEMPATH\CodeIgniter.php(353): CodeIgniter\CodeIgniter->handleRequest(null, Object(Config\Cache), false)
 7 FCPATH\index.php(79): CodeIgniter\CodeIgniter->run()
