INFO - 2023-11-14 01:59:46 --> Session: Class initialized using 'CodeIgniter\Session\Handlers\FileHandler' driver.
ERROR - 2023-11-14 01:59:50 --> Error connecting to the database: mysqli_sql_exception: No connection could be made because the target machine actively refused it in C:\xampp\htdocs\CI4\system\Database\MySQLi\Connection.php:185
Stack trace:
#0 C:\xampp\htdocs\CI4\system\Database\MySQLi\Connection.php(185): mysqli->real_connect('localhost', 'root', 'Banana123', 'kastam_bond', 3306, '', 0)
#1 C:\xampp\htdocs\CI4\system\Database\BaseConnection.php(391): CodeIgniter\Database\MySQLi\Connection->connect(false)
#2 C:\xampp\htdocs\CI4\system\Database\BaseConnection.php(574): CodeIgniter\Database\BaseConnection->initialize()
#3 C:\xampp\htdocs\CI4\system\Database\BaseBuilder.php(1615): CodeIgniter\Database\BaseConnection->query('SELECT *\nFROM `...', Array, false)
#4 C:\xampp\htdocs\CI4\system\Model.php(264): CodeIgniter\Database\BaseBuilder->get()
#5 C:\xampp\htdocs\CI4\system\BaseModel.php(662): CodeIgniter\Model->doFirst()
#6 C:\xampp\htdocs\CI4\app\Controllers\Home.php(25): CodeIgniter\BaseModel->first()
#7 C:\xampp\htdocs\CI4\system\CodeIgniter.php(919): App\Controllers\Home->login()
#8 C:\xampp\htdocs\CI4\system\CodeIgniter.php(494): CodeIgniter\CodeIgniter->runController(Object(App\Controllers\Home))
#9 C:\xampp\htdocs\CI4\system\CodeIgniter.php(353): CodeIgniter\CodeIgniter->handleRequest(NULL, Object(Config\Cache), false)
#10 C:\xampp\htdocs\CI4\public\index.php(79): CodeIgniter\CodeIgniter->run()
#11 {main}

Next CodeIgniter\Database\Exceptions\DatabaseException: No connection could be made because the target machine actively refused it in C:\xampp\htdocs\CI4\system\Database\MySQLi\Connection.php:229
Stack trace:
#0 C:\xampp\htdocs\CI4\system\Database\BaseConnection.php(391): CodeIgniter\Database\MySQLi\Connection->connect(false)
#1 C:\xampp\htdocs\CI4\system\Database\BaseConnection.php(574): CodeIgniter\Database\BaseConnection->initialize()
#2 C:\xampp\htdocs\CI4\system\Database\BaseBuilder.php(1615): CodeIgniter\Database\BaseConnection->query('SELECT *\nFROM `...', Array, false)
#3 C:\xampp\htdocs\CI4\system\Model.php(264): CodeIgniter\Database\BaseBuilder->get()
#4 C:\xampp\htdocs\CI4\system\BaseModel.php(662): CodeIgniter\Model->doFirst()
#5 C:\xampp\htdocs\CI4\app\Controllers\Home.php(25): CodeIgniter\BaseModel->first()
#6 C:\xampp\htdocs\CI4\system\CodeIgniter.php(919): App\Controllers\Home->login()
#7 C:\xampp\htdocs\CI4\system\CodeIgniter.php(494): CodeIgniter\CodeIgniter->runController(Object(App\Controllers\Home))
#8 C:\xampp\htdocs\CI4\system\CodeIgniter.php(353): CodeIgniter\CodeIgniter->handleRequest(NULL, Object(Config\Cache), false)
#9 C:\xampp\htdocs\CI4\public\index.php(79): CodeIgniter\CodeIgniter->run()
#10 {main}
CRITICAL - 2023-11-14 01:59:50 --> Unable to connect to the database.
Main connection [MySQLi]: No connection could be made because the target machine actively refused it
in SYSTEMPATH\Database\BaseConnection.php on line 427.
 1 SYSTEMPATH\Database\BaseConnection.php(574): CodeIgniter\Database\BaseConnection->initialize()
 2 SYSTEMPATH\Database\BaseBuilder.php(1615): CodeIgniter\Database\BaseConnection->query('SELECT *
FROM `user`
WHERE `login_name` = :login_name:
 LIMIT 1', [...], false)
 3 SYSTEMPATH\Model.php(264): CodeIgniter\Database\BaseBuilder->get()
 4 SYSTEMPATH\BaseModel.php(662): CodeIgniter\Model->doFirst()
 5 APPPATH\Controllers\Home.php(25): CodeIgniter\BaseModel->first()
 6 SYSTEMPATH\CodeIgniter.php(919): App\Controllers\Home->login()
 7 SYSTEMPATH\CodeIgniter.php(494): CodeIgniter\CodeIgniter->runController(Object(App\Controllers\Home))
 8 SYSTEMPATH\CodeIgniter.php(353): CodeIgniter\CodeIgniter->handleRequest(null, Object(Config\Cache), false)
 9 FCPATH\index.php(79): CodeIgniter\CodeIgniter->run()
INFO - 2023-11-14 02:00:08 --> Session: Class initialized using 'CodeIgniter\Session\Handlers\FileHandler' driver.
INFO - 2023-11-14 02:00:09 --> Session: Class initialized using 'CodeIgniter\Session\Handlers\FileHandler' driver.
INFO - 2023-11-14 02:00:12 --> Session: Class initialized using 'CodeIgniter\Session\Handlers\FileHandler' driver.
INFO - 2023-11-14 02:00:14 --> Session: Class initialized using 'CodeIgniter\Session\Handlers\FileHandler' driver.
DEBUG - 2023-11-14 02:00:16 --> SQL Query: SELECT `person_name`
FROM `user`
WHERE `profile_id` = '1'
DEBUG - 2023-11-14 02:00:18 --> SQL Query: SELECT `person_name`
FROM `user`
WHERE `profile_id` = '2'
DEBUG - 2023-11-14 02:00:19 --> Constructed Column Name: edit_transaction
DEBUG - 2023-11-14 02:00:19 --> Generated SQL Query: UPDATE `profilebondtransaction` SET `edit_transaction` = '1'
WHERE `profile_id` = '2'
DEBUG - 2023-11-14 02:00:20 --> Constructed Column Name: delete_transaction
DEBUG - 2023-11-14 02:00:20 --> Generated SQL Query: UPDATE `profilebondtransaction` SET `delete_transaction` = '1'
WHERE `profile_id` = '2'
DEBUG - 2023-11-14 02:00:21 --> Constructed Column Name: delete_report
DEBUG - 2023-11-14 02:00:21 --> Generated SQL Query: UPDATE `profilereport` SET `delete_report` = '1'
WHERE `profile_id` = '2'
DEBUG - 2023-11-14 02:00:21 --> Constructed Column Name: edit_report
DEBUG - 2023-11-14 02:00:21 --> Generated SQL Query: UPDATE `profilereport` SET `edit_report` = '1'
WHERE `profile_id` = '2'
INFO - 2023-11-14 02:00:23 --> Session: Class initialized using 'CodeIgniter\Session\Handlers\FileHandler' driver.
DEBUG - 2023-11-14 02:00:25 --> SQL Query: SELECT `person_name`
FROM `user`
WHERE `profile_id` = '2'
INFO - 2023-11-14 02:00:35 --> Session: Class initialized using 'CodeIgniter\Session\Handlers\FileHandler' driver.
INFO - 2023-11-14 02:00:42 --> Session: Class initialized using 'CodeIgniter\Session\Handlers\FileHandler' driver.
INFO - 2023-11-14 02:00:43 --> Session: Class initialized using 'CodeIgniter\Session\Handlers\FileHandler' driver.
DEBUG - 2023-11-14 02:00:45 --> SQL Query: SELECT `person_name`
FROM `user`
WHERE `profile_id` = '2'
DEBUG - 2023-11-14 02:00:47 --> Constructed Column Name: view_lotno
DEBUG - 2023-11-14 02:00:47 --> Generated SQL Query: UPDATE `profilelotno` SET `view_lotno` = '1'
WHERE `profile_id` = '2'
DEBUG - 2023-11-14 02:00:47 --> Constructed Column Name: view_transaction
DEBUG - 2023-11-14 02:00:47 --> Generated SQL Query: UPDATE `profilebondtransaction` SET `view_transaction` = '1'
WHERE `profile_id` = '2'
DEBUG - 2023-11-14 02:00:48 --> Constructed Column Name: view_report
DEBUG - 2023-11-14 02:00:48 --> Generated SQL Query: UPDATE `profilereport` SET `view_report` = '1'
WHERE `profile_id` = '2'
DEBUG - 2023-11-14 02:00:51 --> Constructed Column Name: view_dashboard
DEBUG - 2023-11-14 02:00:51 --> Generated SQL Query: UPDATE `profiledashboard` SET `view_dashboard` = '1'
WHERE `profile_id` = '2'
INFO - 2023-11-14 02:01:01 --> Session: Class initialized using 'CodeIgniter\Session\Handlers\FileHandler' driver.
DEBUG - 2023-11-14 02:01:04 --> SQL Query: SELECT `person_name`
FROM `user`
WHERE `profile_id` = '2'
