INFO - 2023-10-27 04:02:05 --> Session: Class initialized using 'CodeIgniter\Session\Handlers\FileHandler' driver.
INFO - 2023-10-27 04:02:06 --> Session: Class initialized using 'CodeIgniter\Session\Handlers\FileHandler' driver.
INFO - 2023-10-27 04:02:09 --> Session: Class initialized using 'CodeIgniter\Session\Handlers\FileHandler' driver.
INFO - 2023-10-27 04:02:12 --> Session: Class initialized using 'CodeIgniter\Session\Handlers\FileHandler' driver.
DEBUG - 2023-10-27 04:02:15 --> Fetching permissions for Profile ID: 1, Module: profilelotno
DEBUG - 2023-10-27 04:02:15 --> Fetching permissions for Profile ID: 1, Module: profiledashboard
INFO - 2023-10-27 04:02:21 --> Session: Class initialized using 'CodeIgniter\Session\Handlers\FileHandler' driver.
DEBUG - 2023-10-27 04:02:31 --> Fetching permissions for Profile ID: 1, Module: profilelotno
DEBUG - 2023-10-27 04:02:31 --> Fetching permissions for Profile ID: 1, Module: profiledashboard
INFO - 2023-10-27 04:02:43 --> Session: Class initialized using 'CodeIgniter\Session\Handlers\FileHandler' driver.
DEBUG - 2023-10-27 04:02:45 --> Fetching permissions for Profile ID: 1, Module: profiledashboard
DEBUG - 2023-10-27 04:02:45 --> Fetching permissions for Profile ID: 1, Module: profilelotno
INFO - 2023-10-27 04:03:46 --> Session: Class initialized using 'CodeIgniter\Session\Handlers\FileHandler' driver.
DEBUG - 2023-10-27 04:03:48 --> Fetching permissions for Profile ID: 1, Module: profilelotno
DEBUG - 2023-10-27 04:03:48 --> Fetching permissions for Profile ID: 1, Module: profiledashboard
INFO - 2023-10-27 04:05:59 --> Session: Class initialized using 'CodeIgniter\Session\Handlers\FileHandler' driver.
DEBUG - 2023-10-27 04:06:02 --> Fetching permissions for Profile ID: 1, Module: profiledashboard
DEBUG - 2023-10-27 04:06:02 --> Fetching permissions for Profile ID: 1, Module: profilelotno
INFO - 2023-10-27 04:06:53 --> Session: Class initialized using 'CodeIgniter\Session\Handlers\FileHandler' driver.
DEBUG - 2023-10-27 04:06:55 --> Fetching permissions for Profile ID: 1, Module: profilelotno
DEBUG - 2023-10-27 04:06:55 --> Fetching permissions for Profile ID: 1, Module: profiledashboard
INFO - 2023-10-27 04:07:58 --> Session: Class initialized using 'CodeIgniter\Session\Handlers\FileHandler' driver.
INFO - 2023-10-27 04:08:40 --> Session: Class initialized using 'CodeIgniter\Session\Handlers\FileHandler' driver.
INFO - 2023-10-27 04:08:53 --> Session: Class initialized using 'CodeIgniter\Session\Handlers\FileHandler' driver.
INFO - 2023-10-27 04:08:54 --> Session: Class initialized using 'CodeIgniter\Session\Handlers\FileHandler' driver.
INFO - 2023-10-27 04:08:55 --> Session: Class initialized using 'CodeIgniter\Session\Handlers\FileHandler' driver.
INFO - 2023-10-27 04:16:55 --> Session: Class initialized using 'CodeIgniter\Session\Handlers\FileHandler' driver.
INFO - 2023-10-27 04:33:36 --> Session: Class initialized using 'CodeIgniter\Session\Handlers\FileHandler' driver.
INFO - 2023-10-27 04:33:43 --> Session: Class initialized using 'CodeIgniter\Session\Handlers\FileHandler' driver.
INFO - 2023-10-27 04:33:46 --> Session: Class initialized using 'CodeIgniter\Session\Handlers\FileHandler' driver.
INFO - 2023-10-27 04:33:47 --> Session: Class initialized using 'CodeIgniter\Session\Handlers\FileHandler' driver.
INFO - 2023-10-27 04:37:18 --> Session: Class initialized using 'CodeIgniter\Session\Handlers\FileHandler' driver.
INFO - 2023-10-27 04:37:32 --> Session: Class initialized using 'CodeIgniter\Session\Handlers\FileHandler' driver.
INFO - 2023-10-27 04:38:02 --> Session: Class initialized using 'CodeIgniter\Session\Handlers\FileHandler' driver.
INFO - 2023-10-27 04:38:28 --> Session: Class initialized using 'CodeIgniter\Session\Handlers\FileHandler' driver.
INFO - 2023-10-27 04:40:36 --> Session: Class initialized using 'CodeIgniter\Session\Handlers\FileHandler' driver.
INFO - 2023-10-27 04:46:01 --> Session: Class initialized using 'CodeIgniter\Session\Handlers\FileHandler' driver.
INFO - 2023-10-27 04:46:37 --> Session: Class initialized using 'CodeIgniter\Session\Handlers\FileHandler' driver.
INFO - 2023-10-27 04:51:48 --> Session: Class initialized using 'CodeIgniter\Session\Handlers\FileHandler' driver.
INFO - 2023-10-27 04:52:19 --> Session: Class initialized using 'CodeIgniter\Session\Handlers\FileHandler' driver.
INFO - 2023-10-27 04:56:27 --> Session: Class initialized using 'CodeIgniter\Session\Handlers\FileHandler' driver.
INFO - 2023-10-27 04:58:00 --> Session: Class initialized using 'CodeIgniter\Session\Handlers\FileHandler' driver.
INFO - 2023-10-27 05:00:59 --> Session: Class initialized using 'CodeIgniter\Session\Handlers\FileHandler' driver.
INFO - 2023-10-27 05:06:44 --> Session: Class initialized using 'CodeIgniter\Session\Handlers\FileHandler' driver.
INFO - 2023-10-27 05:09:00 --> Session: Class initialized using 'CodeIgniter\Session\Handlers\FileHandler' driver.
INFO - 2023-10-27 05:10:28 --> Session: Class initialized using 'CodeIgniter\Session\Handlers\FileHandler' driver.
INFO - 2023-10-27 05:11:30 --> Session: Class initialized using 'CodeIgniter\Session\Handlers\FileHandler' driver.
INFO - 2023-10-27 05:12:55 --> Session: Class initialized using 'CodeIgniter\Session\Handlers\FileHandler' driver.
INFO - 2023-10-27 05:13:58 --> Session: Class initialized using 'CodeIgniter\Session\Handlers\FileHandler' driver.
INFO - 2023-10-27 05:15:14 --> Session: Class initialized using 'CodeIgniter\Session\Handlers\FileHandler' driver.
INFO - 2023-10-27 05:15:46 --> Session: Class initialized using 'CodeIgniter\Session\Handlers\FileHandler' driver.
INFO - 2023-10-27 05:20:57 --> Session: Class initialized using 'CodeIgniter\Session\Handlers\FileHandler' driver.
INFO - 2023-10-27 05:21:58 --> Session: Class initialized using 'CodeIgniter\Session\Handlers\FileHandler' driver.
INFO - 2023-10-27 05:22:47 --> Session: Class initialized using 'CodeIgniter\Session\Handlers\FileHandler' driver.
INFO - 2023-10-27 05:22:50 --> Session: Class initialized using 'CodeIgniter\Session\Handlers\FileHandler' driver.
INFO - 2023-10-27 05:22:51 --> Session: Class initialized using 'CodeIgniter\Session\Handlers\FileHandler' driver.
INFO - 2023-10-27 05:23:41 --> Session: Class initialized using 'CodeIgniter\Session\Handlers\FileHandler' driver.
INFO - 2023-10-27 05:23:59 --> Session: Class initialized using 'CodeIgniter\Session\Handlers\FileHandler' driver.
INFO - 2023-10-27 05:25:17 --> Session: Class initialized using 'CodeIgniter\Session\Handlers\FileHandler' driver.
DEBUG - 2023-10-27 05:25:19 --> Fetching permissions for Profile ID: 1
CRITICAL - 2023-10-27 05:25:19 --> Call to undefined method CodeIgniter\Database\MySQLi\Connection::select()
in APPPATH\Models\ProfileModel.php on line 19.
 1 APPPATH\Controllers\ProfilePermission.php(28): App\Models\ProfileModel->getPermissionsByProfile('1')
 2 SYSTEMPATH\CodeIgniter.php(919): App\Controllers\ProfilePermission->getPermissionsByProfile('1')
 3 SYSTEMPATH\CodeIgniter.php(494): CodeIgniter\CodeIgniter->runController(Object(App\Controllers\ProfilePermission))
 4 SYSTEMPATH\CodeIgniter.php(353): CodeIgniter\CodeIgniter->handleRequest(null, Object(Config\Cache), false)
 5 FCPATH\index.php(79): CodeIgniter\CodeIgniter->run()
INFO - 2023-10-27 06:01:00 --> Session: Class initialized using 'CodeIgniter\Session\Handlers\FileHandler' driver.
DEBUG - 2023-10-27 06:01:02 --> Fetching permissions for Profile ID: 3
CRITICAL - 2023-10-27 06:01:02 --> Call to undefined method CodeIgniter\Database\MySQLi\Connection::select()
in APPPATH\Models\ProfileModel.php on line 19.
 1 APPPATH\Controllers\ProfilePermission.php(28): App\Models\ProfileModel->getPermissionsByProfile('3')
 2 SYSTEMPATH\CodeIgniter.php(919): App\Controllers\ProfilePermission->getPermissionsByProfile('3')
 3 SYSTEMPATH\CodeIgniter.php(494): CodeIgniter\CodeIgniter->runController(Object(App\Controllers\ProfilePermission))
 4 SYSTEMPATH\CodeIgniter.php(353): CodeIgniter\CodeIgniter->handleRequest(null, Object(Config\Cache), false)
 5 FCPATH\index.php(79): CodeIgniter\CodeIgniter->run()
INFO - 2023-10-27 06:01:05 --> Session: Class initialized using 'CodeIgniter\Session\Handlers\FileHandler' driver.
INFO - 2023-10-27 06:01:21 --> Session: Class initialized using 'CodeIgniter\Session\Handlers\FileHandler' driver.
DEBUG - 2023-10-27 06:01:28 --> Fetching permissions for Profile ID: 1
CRITICAL - 2023-10-27 06:01:28 --> Call to undefined method CodeIgniter\Database\MySQLi\Connection::select()
in APPPATH\Models\ProfileModel.php on line 19.
 1 APPPATH\Controllers\ProfilePermission.php(28): App\Models\ProfileModel->getPermissionsByProfile('1')
 2 SYSTEMPATH\CodeIgniter.php(919): App\Controllers\ProfilePermission->getPermissionsByProfile('1')
 3 SYSTEMPATH\CodeIgniter.php(494): CodeIgniter\CodeIgniter->runController(Object(App\Controllers\ProfilePermission))
 4 SYSTEMPATH\CodeIgniter.php(353): CodeIgniter\CodeIgniter->handleRequest(null, Object(Config\Cache), false)
 5 FCPATH\index.php(79): CodeIgniter\CodeIgniter->run()
INFO - 2023-10-27 06:04:22 --> Session: Class initialized using 'CodeIgniter\Session\Handlers\FileHandler' driver.
DEBUG - 2023-10-27 06:04:32 --> Fetching permissions for Profile ID: 1
CRITICAL - 2023-10-27 06:04:32 --> Call to undefined method CodeIgniter\Database\MySQLi\Connection::select()
in APPPATH\Models\ProfileModel.php on line 19.
 1 APPPATH\Controllers\ProfilePermission.php(28): App\Models\ProfileModel->getPermissionsByProfile('1')
 2 SYSTEMPATH\CodeIgniter.php(919): App\Controllers\ProfilePermission->getPermissionsByProfile('1')
 3 SYSTEMPATH\CodeIgniter.php(494): CodeIgniter\CodeIgniter->runController(Object(App\Controllers\ProfilePermission))
 4 SYSTEMPATH\CodeIgniter.php(353): CodeIgniter\CodeIgniter->handleRequest(null, Object(Config\Cache), false)
 5 FCPATH\index.php(79): CodeIgniter\CodeIgniter->run()
DEBUG - 2023-10-27 06:05:04 --> Fetching permissions for Profile ID: 1
CRITICAL - 2023-10-27 06:05:04 --> Call to undefined method CodeIgniter\Database\MySQLi\Connection::select()
in APPPATH\Models\ProfileModel.php on line 19.
 1 APPPATH\Controllers\ProfilePermission.php(28): App\Models\ProfileModel->getPermissionsByProfile('1')
 2 SYSTEMPATH\CodeIgniter.php(919): App\Controllers\ProfilePermission->getPermissionsByProfile('1')
 3 SYSTEMPATH\CodeIgniter.php(494): CodeIgniter\CodeIgniter->runController(Object(App\Controllers\ProfilePermission))
 4 SYSTEMPATH\CodeIgniter.php(353): CodeIgniter\CodeIgniter->handleRequest(null, Object(Config\Cache), false)
 5 FCPATH\index.php(79): CodeIgniter\CodeIgniter->run()
INFO - 2023-10-27 06:12:35 --> Session: Class initialized using 'CodeIgniter\Session\Handlers\FileHandler' driver.
DEBUG - 2023-10-27 06:12:37 --> Fetching permissions for Profile ID: 1
CRITICAL - 2023-10-27 06:12:37 --> Call to undefined method CodeIgniter\Database\MySQLi\Connection::select()
in APPPATH\Models\ProfileModel.php on line 19.
 1 APPPATH\Controllers\ProfilePermission.php(28): App\Models\ProfileModel->getPermissionsByProfile('1')
 2 SYSTEMPATH\CodeIgniter.php(919): App\Controllers\ProfilePermission->getPermissionsByProfile('1')
 3 SYSTEMPATH\CodeIgniter.php(494): CodeIgniter\CodeIgniter->runController(Object(App\Controllers\ProfilePermission))
 4 SYSTEMPATH\CodeIgniter.php(353): CodeIgniter\CodeIgniter->handleRequest(null, Object(Config\Cache), false)
 5 FCPATH\index.php(79): CodeIgniter\CodeIgniter->run()
INFO - 2023-10-27 06:18:01 --> Session: Class initialized using 'CodeIgniter\Session\Handlers\FileHandler' driver.
INFO - 2023-10-27 06:18:02 --> Session: Class initialized using 'CodeIgniter\Session\Handlers\FileHandler' driver.
DEBUG - 2023-10-27 06:18:04 --> Fetching permissions for Profile ID: 1
CRITICAL - 2023-10-27 06:18:04 --> Call to undefined method CodeIgniter\Database\MySQLi\Connection::select()
in APPPATH\Models\ProfileModel.php on line 20.
 1 APPPATH\Controllers\ProfilePermission.php(28): App\Models\ProfileModel->getPermissionsByProfile('1')
 2 SYSTEMPATH\CodeIgniter.php(919): App\Controllers\ProfilePermission->getPermissionsByProfile('1')
 3 SYSTEMPATH\CodeIgniter.php(494): CodeIgniter\CodeIgniter->runController(Object(App\Controllers\ProfilePermission))
 4 SYSTEMPATH\CodeIgniter.php(353): CodeIgniter\CodeIgniter->handleRequest(null, Object(Config\Cache), false)
 5 FCPATH\index.php(79): CodeIgniter\CodeIgniter->run()
INFO - 2023-10-27 06:18:58 --> Session: Class initialized using 'CodeIgniter\Session\Handlers\FileHandler' driver.
DEBUG - 2023-10-27 06:18:59 --> Fetching permissions for Profile ID: 1
INFO - 2023-10-27 06:19:39 --> Session: Class initialized using 'CodeIgniter\Session\Handlers\FileHandler' driver.
DEBUG - 2023-10-27 06:19:42 --> Fetching permissions for Profile ID: 1
INFO - 2023-10-27 06:22:44 --> Session: Class initialized using 'CodeIgniter\Session\Handlers\FileHandler' driver.
DEBUG - 2023-10-27 06:22:46 --> Fetching permissions for Profile ID: 1
INFO - 2023-10-27 06:23:26 --> Session: Class initialized using 'CodeIgniter\Session\Handlers\FileHandler' driver.
DEBUG - 2023-10-27 06:23:28 --> Fetching permissions for Profile ID: 1
INFO - 2023-10-27 06:26:34 --> Session: Class initialized using 'CodeIgniter\Session\Handlers\FileHandler' driver.
DEBUG - 2023-10-27 06:26:36 --> Fetching permissions for Profile ID: 1
ERROR - 2023-10-27 06:26:36 --> mysqli_sql_exception: Table 'kastam_bond.modules' doesn't exist in C:\xampp\htdocs\CI4\CI4\system\Database\MySQLi\Connection.php:306
Stack trace:
#0 C:\xampp\htdocs\CI4\CI4\system\Database\MySQLi\Connection.php(306): mysqli->query('SELECT `m`.`mod...', 0)
#1 C:\xampp\htdocs\CI4\CI4\system\Database\BaseConnection.php(692): CodeIgniter\Database\MySQLi\Connection->execute('SELECT `m`.`mod...')
#2 C:\xampp\htdocs\CI4\CI4\system\Database\BaseConnection.php(606): CodeIgniter\Database\BaseConnection->simpleQuery('SELECT `m`.`mod...')
#3 C:\xampp\htdocs\CI4\CI4\system\Database\BaseBuilder.php(1615): CodeIgniter\Database\BaseConnection->query('SELECT `m`.`mod...', Array, false)
#4 C:\xampp\htdocs\CI4\CI4\app\Models\ProfileModel.php(30): CodeIgniter\Database\BaseBuilder->get()
#5 C:\xampp\htdocs\CI4\CI4\app\Controllers\ProfilePermission.php(28): App\Models\ProfileModel->getPermissionsByProfile('1')
#6 C:\xampp\htdocs\CI4\CI4\system\CodeIgniter.php(919): App\Controllers\ProfilePermission->getPermissionsByProfile('1')
#7 C:\xampp\htdocs\CI4\CI4\system\CodeIgniter.php(494): CodeIgniter\CodeIgniter->runController(Object(App\Controllers\ProfilePermission))
#8 C:\xampp\htdocs\CI4\CI4\system\CodeIgniter.php(353): CodeIgniter\CodeIgniter->handleRequest(NULL, Object(Config\Cache), false)
#9 C:\xampp\htdocs\CI4\CI4\public\index.php(79): CodeIgniter\CodeIgniter->run()
#10 {main}
CRITICAL - 2023-10-27 06:26:36 --> Table 'kastam_bond.modules' doesn't exist
in SYSTEMPATH\Database\BaseConnection.php on line 646.
 1 SYSTEMPATH\Database\BaseBuilder.php(1615): CodeIgniter\Database\BaseConnection->query('SELECT `m`.`module_name`, `a`.`action_name`, `pa`.`status`
FROM `profilepermissions` `pp`
JOIN `profile` `p` ON `pp`.`profile_id` = `p`.`profile_id`
JOIN `modules` `m` ON `pp`.`module_id` = `m`.`module_id`
JOIN `actions` `a` ON `pp`.`action_id` = `a`.`action_id`
WHERE `p`.`profile_id` = :p.profile_id:', [...], false)
 2 APPPATH\Models\ProfileModel.php(30): CodeIgniter\Database\BaseBuilder->get()
 3 APPPATH\Controllers\ProfilePermission.php(28): App\Models\ProfileModel->getPermissionsByProfile('1')
 4 SYSTEMPATH\CodeIgniter.php(919): App\Controllers\ProfilePermission->getPermissionsByProfile('1')
 5 SYSTEMPATH\CodeIgniter.php(494): CodeIgniter\CodeIgniter->runController(Object(App\Controllers\ProfilePermission))
 6 SYSTEMPATH\CodeIgniter.php(353): CodeIgniter\CodeIgniter->handleRequest(null, Object(Config\Cache), false)
 7 FCPATH\index.php(79): CodeIgniter\CodeIgniter->run()
INFO - 2023-10-27 06:27:07 --> Session: Class initialized using 'CodeIgniter\Session\Handlers\FileHandler' driver.
DEBUG - 2023-10-27 06:27:08 --> Fetching permissions for Profile ID: 1
INFO - 2023-10-27 06:30:07 --> Session: Class initialized using 'CodeIgniter\Session\Handlers\FileHandler' driver.
DEBUG - 2023-10-27 06:30:08 --> Fetching permissions for Profile ID: 2
DEBUG - 2023-10-27 06:30:10 --> Fetching permissions for Profile ID: 1
INFO - 2023-10-27 06:30:28 --> Session: Class initialized using 'CodeIgniter\Session\Handlers\FileHandler' driver.
DEBUG - 2023-10-27 06:30:30 --> Fetching permissions for Profile ID: 1
DEBUG - 2023-10-27 06:31:39 --> Fetching permissions for Profile ID: 3
DEBUG - 2023-10-27 06:31:41 --> Fetching permissions for Profile ID: 4
DEBUG - 2023-10-27 06:31:43 --> Fetching permissions for Profile ID: 1
INFO - 2023-10-27 06:33:48 --> Session: Class initialized using 'CodeIgniter\Session\Handlers\FileHandler' driver.
DEBUG - 2023-10-27 06:33:50 --> Fetching permissions for Profile ID: 1
DEBUG - 2023-10-27 06:33:52 --> Fetching permissions for Profile ID: 1
INFO - 2023-10-27 06:34:28 --> Session: Class initialized using 'CodeIgniter\Session\Handlers\FileHandler' driver.
DEBUG - 2023-10-27 06:34:30 --> Fetching permissions for Profile ID: 1
INFO - 2023-10-27 06:36:10 --> Session: Class initialized using 'CodeIgniter\Session\Handlers\FileHandler' driver.
DEBUG - 2023-10-27 06:36:11 --> Fetching permissions for Profile ID: 1
INFO - 2023-10-27 06:37:38 --> Session: Class initialized using 'CodeIgniter\Session\Handlers\FileHandler' driver.
DEBUG - 2023-10-27 06:37:40 --> Fetching permissions for Profile ID: 1
INFO - 2023-10-27 06:38:39 --> Session: Class initialized using 'CodeIgniter\Session\Handlers\FileHandler' driver.
DEBUG - 2023-10-27 06:38:41 --> Fetching permissions for Profile ID: 1
INFO - 2023-10-27 06:42:01 --> Session: Class initialized using 'CodeIgniter\Session\Handlers\FileHandler' driver.
DEBUG - 2023-10-27 06:42:02 --> Fetching permissions for Profile ID: 1
CRITICAL - 2023-10-27 06:42:02 --> Call to undefined method CodeIgniter\Database\MySQLi\Connection::select()
in APPPATH\Models\ProfileModel.php on line 20.
 1 APPPATH\Controllers\ProfilePermission.php(28): App\Models\ProfileModel->getPermissionsByProfile('1')
 2 SYSTEMPATH\CodeIgniter.php(919): App\Controllers\ProfilePermission->getPermissionsByProfile('1')
 3 SYSTEMPATH\CodeIgniter.php(494): CodeIgniter\CodeIgniter->runController(Object(App\Controllers\ProfilePermission))
 4 SYSTEMPATH\CodeIgniter.php(353): CodeIgniter\CodeIgniter->handleRequest(null, Object(Config\Cache), false)
 5 FCPATH\index.php(79): CodeIgniter\CodeIgniter->run()
INFO - 2023-10-27 06:42:52 --> Session: Class initialized using 'CodeIgniter\Session\Handlers\FileHandler' driver.
DEBUG - 2023-10-27 06:42:53 --> Fetching permissions for Profile ID: 1
ERROR - 2023-10-27 06:42:53 --> mysqli_sql_exception: Unknown column 'a.id' in 'on clause' in C:\xampp\htdocs\CI4\CI4\system\Database\MySQLi\Connection.php:306
Stack trace:
#0 C:\xampp\htdocs\CI4\CI4\system\Database\MySQLi\Connection.php(306): mysqli->query('SELECT `m`.`mod...', 0)
#1 C:\xampp\htdocs\CI4\CI4\system\Database\BaseConnection.php(692): CodeIgniter\Database\MySQLi\Connection->execute('SELECT `m`.`mod...')
#2 C:\xampp\htdocs\CI4\CI4\system\Database\BaseConnection.php(606): CodeIgniter\Database\BaseConnection->simpleQuery('SELECT `m`.`mod...')
#3 C:\xampp\htdocs\CI4\CI4\system\Database\BaseBuilder.php(1615): CodeIgniter\Database\BaseConnection->query('SELECT `m`.`mod...', Array, false)
#4 C:\xampp\htdocs\CI4\CI4\app\Models\ProfileModel.php(27): CodeIgniter\Database\BaseBuilder->get()
#5 C:\xampp\htdocs\CI4\CI4\app\Controllers\ProfilePermission.php(28): App\Models\ProfileModel->getPermissionsByProfile('1')
#6 C:\xampp\htdocs\CI4\CI4\system\CodeIgniter.php(919): App\Controllers\ProfilePermission->getPermissionsByProfile('1')
#7 C:\xampp\htdocs\CI4\CI4\system\CodeIgniter.php(494): CodeIgniter\CodeIgniter->runController(Object(App\Controllers\ProfilePermission))
#8 C:\xampp\htdocs\CI4\CI4\system\CodeIgniter.php(353): CodeIgniter\CodeIgniter->handleRequest(NULL, Object(Config\Cache), false)
#9 C:\xampp\htdocs\CI4\CI4\public\index.php(79): CodeIgniter\CodeIgniter->run()
#10 {main}
CRITICAL - 2023-10-27 06:42:53 --> Unknown column 'a.id' in 'on clause'
in SYSTEMPATH\Database\BaseConnection.php on line 646.
 1 SYSTEMPATH\Database\BaseBuilder.php(1615): CodeIgniter\Database\BaseConnection->query('SELECT `m`.`module_name`, `a`.`action_name`, `pp`.`status`
FROM `profilepermissions` `pp`
JOIN `profile` `p` ON `pp`.`profile_id` = `p`.`profile_id`
JOIN `module` `m` ON `pp`.`module_id` = `m`.`module_id`
JOIN `action` `a` ON `pp`.`action_id` = `a`.`id`
WHERE `p`.`profile_id` = :p.profile_id:', [...], false)
 2 APPPATH\Models\ProfileModel.php(27): CodeIgniter\Database\BaseBuilder->get()
 3 APPPATH\Controllers\ProfilePermission.php(28): App\Models\ProfileModel->getPermissionsByProfile('1')
 4 SYSTEMPATH\CodeIgniter.php(919): App\Controllers\ProfilePermission->getPermissionsByProfile('1')
 5 SYSTEMPATH\CodeIgniter.php(494): CodeIgniter\CodeIgniter->runController(Object(App\Controllers\ProfilePermission))
 6 SYSTEMPATH\CodeIgniter.php(353): CodeIgniter\CodeIgniter->handleRequest(null, Object(Config\Cache), false)
 7 FCPATH\index.php(79): CodeIgniter\CodeIgniter->run()
INFO - 2023-10-27 06:44:32 --> Session: Class initialized using 'CodeIgniter\Session\Handlers\FileHandler' driver.
DEBUG - 2023-10-27 06:44:33 --> Fetching permissions for Profile ID: 1
CRITICAL - 2023-10-27 06:44:33 --> Call to undefined method CodeIgniter\Database\MySQLi\Connection::select()
in APPPATH\Models\ProfileModel.php on line 20.
 1 APPPATH\Controllers\ProfilePermission.php(28): App\Models\ProfileModel->getPermissionsByProfile('1')
 2 SYSTEMPATH\CodeIgniter.php(919): App\Controllers\ProfilePermission->getPermissionsByProfile('1')
 3 SYSTEMPATH\CodeIgniter.php(494): CodeIgniter\CodeIgniter->runController(Object(App\Controllers\ProfilePermission))
 4 SYSTEMPATH\CodeIgniter.php(353): CodeIgniter\CodeIgniter->handleRequest(null, Object(Config\Cache), false)
 5 FCPATH\index.php(79): CodeIgniter\CodeIgniter->run()
INFO - 2023-10-27 06:46:53 --> Session: Class initialized using 'CodeIgniter\Session\Handlers\FileHandler' driver.
DEBUG - 2023-10-27 06:46:55 --> Fetching permissions for Profile ID: 1
ERROR - 2023-10-27 06:46:55 --> mysqli_sql_exception: Unknown column 'action.id' in 'on clause' in C:\xampp\htdocs\CI4\CI4\system\Database\MySQLi\Connection.php:306
Stack trace:
#0 C:\xampp\htdocs\CI4\CI4\system\Database\MySQLi\Connection.php(306): mysqli->query('SELECT `m`.`mod...', 0)
#1 C:\xampp\htdocs\CI4\CI4\system\Database\BaseConnection.php(692): CodeIgniter\Database\MySQLi\Connection->execute('SELECT `m`.`mod...')
#2 C:\xampp\htdocs\CI4\CI4\system\Database\BaseConnection.php(606): CodeIgniter\Database\BaseConnection->simpleQuery('SELECT `m`.`mod...')
#3 C:\xampp\htdocs\CI4\CI4\system\Database\BaseBuilder.php(1615): CodeIgniter\Database\BaseConnection->query('SELECT `m`.`mod...', Array, false)
#4 C:\xampp\htdocs\CI4\CI4\app\Models\ProfileModel.php(28): CodeIgniter\Database\BaseBuilder->get()
#5 C:\xampp\htdocs\CI4\CI4\app\Controllers\ProfilePermission.php(28): App\Models\ProfileModel->getPermissionsByProfile('1')
#6 C:\xampp\htdocs\CI4\CI4\system\CodeIgniter.php(919): App\Controllers\ProfilePermission->getPermissionsByProfile('1')
#7 C:\xampp\htdocs\CI4\CI4\system\CodeIgniter.php(494): CodeIgniter\CodeIgniter->runController(Object(App\Controllers\ProfilePermission))
#8 C:\xampp\htdocs\CI4\CI4\system\CodeIgniter.php(353): CodeIgniter\CodeIgniter->handleRequest(NULL, Object(Config\Cache), false)
#9 C:\xampp\htdocs\CI4\CI4\public\index.php(79): CodeIgniter\CodeIgniter->run()
#10 {main}
CRITICAL - 2023-10-27 06:46:55 --> Unknown column 'action.id' in 'on clause'
in SYSTEMPATH\Database\BaseConnection.php on line 646.
 1 SYSTEMPATH\Database\BaseBuilder.php(1615): CodeIgniter\Database\BaseConnection->query('SELECT `m`.`module_name`, `a`.`action_name`, `pp`.`status`
FROM `profilepermissions` `pp`
JOIN `profile` `p` ON `pp`.`profile_id` = `p`.`profile_id`
JOIN `module` `m` ON `pp`.`module_id` = `m`.`module_id`
LEFT JOIN `action` `a` ON `pp`.`action_id` = `action`.`id`
WHERE `p`.`profile_id` = :p.profile_id:', [...], false)
 2 APPPATH\Models\ProfileModel.php(28): CodeIgniter\Database\BaseBuilder->get()
 3 APPPATH\Controllers\ProfilePermission.php(28): App\Models\ProfileModel->getPermissionsByProfile('1')
 4 SYSTEMPATH\CodeIgniter.php(919): App\Controllers\ProfilePermission->getPermissionsByProfile('1')
 5 SYSTEMPATH\CodeIgniter.php(494): CodeIgniter\CodeIgniter->runController(Object(App\Controllers\ProfilePermission))
 6 SYSTEMPATH\CodeIgniter.php(353): CodeIgniter\CodeIgniter->handleRequest(null, Object(Config\Cache), false)
 7 FCPATH\index.php(79): CodeIgniter\CodeIgniter->run()
INFO - 2023-10-27 06:47:09 --> Session: Class initialized using 'CodeIgniter\Session\Handlers\FileHandler' driver.
DEBUG - 2023-10-27 06:47:11 --> Fetching permissions for Profile ID: 1
ERROR - 2023-10-27 06:47:11 --> mysqli_sql_exception: Unknown column 'a.action.id' in 'on clause' in C:\xampp\htdocs\CI4\CI4\system\Database\MySQLi\Connection.php:306
Stack trace:
#0 C:\xampp\htdocs\CI4\CI4\system\Database\MySQLi\Connection.php(306): mysqli->query('SELECT `m`.`mod...', 0)
#1 C:\xampp\htdocs\CI4\CI4\system\Database\BaseConnection.php(692): CodeIgniter\Database\MySQLi\Connection->execute('SELECT `m`.`mod...')
#2 C:\xampp\htdocs\CI4\CI4\system\Database\BaseConnection.php(606): CodeIgniter\Database\BaseConnection->simpleQuery('SELECT `m`.`mod...')
#3 C:\xampp\htdocs\CI4\CI4\system\Database\BaseBuilder.php(1615): CodeIgniter\Database\BaseConnection->query('SELECT `m`.`mod...', Array, false)
#4 C:\xampp\htdocs\CI4\CI4\app\Models\ProfileModel.php(28): CodeIgniter\Database\BaseBuilder->get()
#5 C:\xampp\htdocs\CI4\CI4\app\Controllers\ProfilePermission.php(28): App\Models\ProfileModel->getPermissionsByProfile('1')
#6 C:\xampp\htdocs\CI4\CI4\system\CodeIgniter.php(919): App\Controllers\ProfilePermission->getPermissionsByProfile('1')
#7 C:\xampp\htdocs\CI4\CI4\system\CodeIgniter.php(494): CodeIgniter\CodeIgniter->runController(Object(App\Controllers\ProfilePermission))
#8 C:\xampp\htdocs\CI4\CI4\system\CodeIgniter.php(353): CodeIgniter\CodeIgniter->handleRequest(NULL, Object(Config\Cache), false)
#9 C:\xampp\htdocs\CI4\CI4\public\index.php(79): CodeIgniter\CodeIgniter->run()
#10 {main}
CRITICAL - 2023-10-27 06:47:11 --> Unknown column 'a.action.id' in 'on clause'
in SYSTEMPATH\Database\BaseConnection.php on line 646.
 1 SYSTEMPATH\Database\BaseBuilder.php(1615): CodeIgniter\Database\BaseConnection->query('SELECT `m`.`module_name`, `a`.`action_name`, `pp`.`status`
FROM `profilepermissions` `pp`
JOIN `profile` `p` ON `pp`.`profile_id` = `p`.`profile_id`
JOIN `module` `m` ON `pp`.`module_id` = `m`.`module_id`
LEFT JOIN `action` `a` ON `pp`.`action_id` = `a`.`action`.`id`
WHERE `p`.`profile_id` = :p.profile_id:', [...], false)
 2 APPPATH\Models\ProfileModel.php(28): CodeIgniter\Database\BaseBuilder->get()
 3 APPPATH\Controllers\ProfilePermission.php(28): App\Models\ProfileModel->getPermissionsByProfile('1')
 4 SYSTEMPATH\CodeIgniter.php(919): App\Controllers\ProfilePermission->getPermissionsByProfile('1')
 5 SYSTEMPATH\CodeIgniter.php(494): CodeIgniter\CodeIgniter->runController(Object(App\Controllers\ProfilePermission))
 6 SYSTEMPATH\CodeIgniter.php(353): CodeIgniter\CodeIgniter->handleRequest(null, Object(Config\Cache), false)
 7 FCPATH\index.php(79): CodeIgniter\CodeIgniter->run()
INFO - 2023-10-27 06:47:46 --> Session: Class initialized using 'CodeIgniter\Session\Handlers\FileHandler' driver.
DEBUG - 2023-10-27 06:47:48 --> Fetching permissions for Profile ID: 1
ERROR - 2023-10-27 06:47:48 --> mysqli_sql_exception: Unknown column 'a.id' in 'on clause' in C:\xampp\htdocs\CI4\CI4\system\Database\MySQLi\Connection.php:306
Stack trace:
#0 C:\xampp\htdocs\CI4\CI4\system\Database\MySQLi\Connection.php(306): mysqli->query('SELECT `m`.`mod...', 0)
#1 C:\xampp\htdocs\CI4\CI4\system\Database\BaseConnection.php(692): CodeIgniter\Database\MySQLi\Connection->execute('SELECT `m`.`mod...')
#2 C:\xampp\htdocs\CI4\CI4\system\Database\BaseConnection.php(606): CodeIgniter\Database\BaseConnection->simpleQuery('SELECT `m`.`mod...')
#3 C:\xampp\htdocs\CI4\CI4\system\Database\BaseBuilder.php(1615): CodeIgniter\Database\BaseConnection->query('SELECT `m`.`mod...', Array, false)
#4 C:\xampp\htdocs\CI4\CI4\app\Models\ProfileModel.php(28): CodeIgniter\Database\BaseBuilder->get()
#5 C:\xampp\htdocs\CI4\CI4\app\Controllers\ProfilePermission.php(28): App\Models\ProfileModel->getPermissionsByProfile('1')
#6 C:\xampp\htdocs\CI4\CI4\system\CodeIgniter.php(919): App\Controllers\ProfilePermission->getPermissionsByProfile('1')
#7 C:\xampp\htdocs\CI4\CI4\system\CodeIgniter.php(494): CodeIgniter\CodeIgniter->runController(Object(App\Controllers\ProfilePermission))
#8 C:\xampp\htdocs\CI4\CI4\system\CodeIgniter.php(353): CodeIgniter\CodeIgniter->handleRequest(NULL, Object(Config\Cache), false)
#9 C:\xampp\htdocs\CI4\CI4\public\index.php(79): CodeIgniter\CodeIgniter->run()
#10 {main}
CRITICAL - 2023-10-27 06:47:48 --> Unknown column 'a.id' in 'on clause'
in SYSTEMPATH\Database\BaseConnection.php on line 646.
 1 SYSTEMPATH\Database\BaseBuilder.php(1615): CodeIgniter\Database\BaseConnection->query('SELECT `m`.`module_name`, `a`.`action_name`, `pp`.`status`
FROM `profilepermissions` `pp`
JOIN `profile` `p` ON `pp`.`profile_id` = `p`.`profile_id`
JOIN `module` `m` ON `pp`.`module_id` = `m`.`module_id`
LEFT JOIN `action` `a` ON `pp`.`action_id` = `a`.`id`
WHERE `p`.`profile_id` = :p.profile_id:', [...], false)
 2 APPPATH\Models\ProfileModel.php(28): CodeIgniter\Database\BaseBuilder->get()
 3 APPPATH\Controllers\ProfilePermission.php(28): App\Models\ProfileModel->getPermissionsByProfile('1')
 4 SYSTEMPATH\CodeIgniter.php(919): App\Controllers\ProfilePermission->getPermissionsByProfile('1')
 5 SYSTEMPATH\CodeIgniter.php(494): CodeIgniter\CodeIgniter->runController(Object(App\Controllers\ProfilePermission))
 6 SYSTEMPATH\CodeIgniter.php(353): CodeIgniter\CodeIgniter->handleRequest(null, Object(Config\Cache), false)
 7 FCPATH\index.php(79): CodeIgniter\CodeIgniter->run()
INFO - 2023-10-27 06:48:31 --> Session: Class initialized using 'CodeIgniter\Session\Handlers\FileHandler' driver.
DEBUG - 2023-10-27 06:48:33 --> Fetching permissions for Profile ID: 1
INFO - 2023-10-27 06:49:15 --> Session: Class initialized using 'CodeIgniter\Session\Handlers\FileHandler' driver.
DEBUG - 2023-10-27 06:49:16 --> Fetching permissions for Profile ID: 1
INFO - 2023-10-27 06:50:25 --> Session: Class initialized using 'CodeIgniter\Session\Handlers\FileHandler' driver.
DEBUG - 2023-10-27 06:50:26 --> Fetching permissions for Profile ID: 1
DEBUG - 2023-10-27 06:50:28 --> Fetching permissions for Profile ID: 3
INFO - 2023-10-27 06:51:22 --> Session: Class initialized using 'CodeIgniter\Session\Handlers\FileHandler' driver.
DEBUG - 2023-10-27 06:51:24 --> Fetching permissions for Profile ID: 1
INFO - 2023-10-27 06:52:17 --> Session: Class initialized using 'CodeIgniter\Session\Handlers\FileHandler' driver.
DEBUG - 2023-10-27 06:52:18 --> Fetching permissions for Profile ID: 1
INFO - 2023-10-27 06:52:45 --> Session: Class initialized using 'CodeIgniter\Session\Handlers\FileHandler' driver.
DEBUG - 2023-10-27 06:52:47 --> Fetching permissions for Profile ID: 1
INFO - 2023-10-27 06:53:43 --> Session: Class initialized using 'CodeIgniter\Session\Handlers\FileHandler' driver.
DEBUG - 2023-10-27 06:53:45 --> Fetching permissions for Profile ID: 1
INFO - 2023-10-27 06:54:48 --> Session: Class initialized using 'CodeIgniter\Session\Handlers\FileHandler' driver.
DEBUG - 2023-10-27 06:54:50 --> Fetching permissions for Profile ID: 1
ERROR - 2023-10-27 06:54:50 --> mysqli_sql_exception: Unknown column 'a.id' in 'on clause' in C:\xampp\htdocs\CI4\CI4\system\Database\MySQLi\Connection.php:306
Stack trace:
#0 C:\xampp\htdocs\CI4\CI4\system\Database\MySQLi\Connection.php(306): mysqli->query('SELECT `m`.`mod...', 0)
#1 C:\xampp\htdocs\CI4\CI4\system\Database\BaseConnection.php(692): CodeIgniter\Database\MySQLi\Connection->execute('SELECT `m`.`mod...')
#2 C:\xampp\htdocs\CI4\CI4\system\Database\BaseConnection.php(606): CodeIgniter\Database\BaseConnection->simpleQuery('SELECT `m`.`mod...')
#3 C:\xampp\htdocs\CI4\CI4\system\Database\BaseBuilder.php(1615): CodeIgniter\Database\BaseConnection->query('SELECT `m`.`mod...', Array, false)
#4 C:\xampp\htdocs\CI4\CI4\app\Models\ProfileModel.php(27): CodeIgniter\Database\BaseBuilder->get()
#5 C:\xampp\htdocs\CI4\CI4\app\Controllers\ProfilePermission.php(28): App\Models\ProfileModel->getPermissionsByProfile('1')
#6 C:\xampp\htdocs\CI4\CI4\system\CodeIgniter.php(919): App\Controllers\ProfilePermission->getPermissionsByProfile('1')
#7 C:\xampp\htdocs\CI4\CI4\system\CodeIgniter.php(494): CodeIgniter\CodeIgniter->runController(Object(App\Controllers\ProfilePermission))
#8 C:\xampp\htdocs\CI4\CI4\system\CodeIgniter.php(353): CodeIgniter\CodeIgniter->handleRequest(NULL, Object(Config\Cache), false)
#9 C:\xampp\htdocs\CI4\CI4\public\index.php(79): CodeIgniter\CodeIgniter->run()
#10 {main}
CRITICAL - 2023-10-27 06:54:50 --> Unknown column 'a.id' in 'on clause'
in SYSTEMPATH\Database\BaseConnection.php on line 646.
 1 SYSTEMPATH\Database\BaseBuilder.php(1615): CodeIgniter\Database\BaseConnection->query('SELECT `m`.`module_name`, `a`.`action_name`, `pp`.`status`
FROM `profilepermissions` `pp`
JOIN `profile` `p` ON `pp`.`profile_id` = `p`.`profile_id`
JOIN `module` `m` ON `pp`.`module_id` = `m`.`module_id`
LEFT JOIN `action` `a` ON `pp`.`action_id` = `a`.`id`
WHERE `p`.`profile_id` = :p.profile_id:', [...], false)
 2 APPPATH\Models\ProfileModel.php(27): CodeIgniter\Database\BaseBuilder->get()
 3 APPPATH\Controllers\ProfilePermission.php(28): App\Models\ProfileModel->getPermissionsByProfile('1')
 4 SYSTEMPATH\CodeIgniter.php(919): App\Controllers\ProfilePermission->getPermissionsByProfile('1')
 5 SYSTEMPATH\CodeIgniter.php(494): CodeIgniter\CodeIgniter->runController(Object(App\Controllers\ProfilePermission))
 6 SYSTEMPATH\CodeIgniter.php(353): CodeIgniter\CodeIgniter->handleRequest(null, Object(Config\Cache), false)
 7 FCPATH\index.php(79): CodeIgniter\CodeIgniter->run()
INFO - 2023-10-27 06:55:35 --> Session: Class initialized using 'CodeIgniter\Session\Handlers\FileHandler' driver.
DEBUG - 2023-10-27 06:55:38 --> Fetching permissions for Profile ID: 1
ERROR - 2023-10-27 06:55:38 --> mysqli_sql_exception: Unknown column 'a.id' in 'on clause' in C:\xampp\htdocs\CI4\CI4\system\Database\MySQLi\Connection.php:306
Stack trace:
#0 C:\xampp\htdocs\CI4\CI4\system\Database\MySQLi\Connection.php(306): mysqli->query('SELECT `m`.`mod...', 0)
#1 C:\xampp\htdocs\CI4\CI4\system\Database\BaseConnection.php(692): CodeIgniter\Database\MySQLi\Connection->execute('SELECT `m`.`mod...')
#2 C:\xampp\htdocs\CI4\CI4\system\Database\BaseConnection.php(606): CodeIgniter\Database\BaseConnection->simpleQuery('SELECT `m`.`mod...')
#3 C:\xampp\htdocs\CI4\CI4\system\Database\BaseBuilder.php(1615): CodeIgniter\Database\BaseConnection->query('SELECT `m`.`mod...', Array, false)
#4 C:\xampp\htdocs\CI4\CI4\app\Models\ProfileModel.php(27): CodeIgniter\Database\BaseBuilder->get()
#5 C:\xampp\htdocs\CI4\CI4\app\Controllers\ProfilePermission.php(28): App\Models\ProfileModel->getPermissionsByProfile('1')
#6 C:\xampp\htdocs\CI4\CI4\system\CodeIgniter.php(919): App\Controllers\ProfilePermission->getPermissionsByProfile('1')
#7 C:\xampp\htdocs\CI4\CI4\system\CodeIgniter.php(494): CodeIgniter\CodeIgniter->runController(Object(App\Controllers\ProfilePermission))
#8 C:\xampp\htdocs\CI4\CI4\system\CodeIgniter.php(353): CodeIgniter\CodeIgniter->handleRequest(NULL, Object(Config\Cache), false)
#9 C:\xampp\htdocs\CI4\CI4\public\index.php(79): CodeIgniter\CodeIgniter->run()
#10 {main}
CRITICAL - 2023-10-27 06:55:38 --> Unknown column 'a.id' in 'on clause'
in SYSTEMPATH\Database\BaseConnection.php on line 646.
 1 SYSTEMPATH\Database\BaseBuilder.php(1615): CodeIgniter\Database\BaseConnection->query('SELECT `m`.`module_name`, `a`.`action_name`, `pp`.`status`
FROM `profilepermissions` `pp`
JOIN `profile` `p` ON `pp`.`profile_id` = `p`.`profile_id`
JOIN `module` `m` ON `pp`.`module_id` = `m`.`module_id`
LEFT JOIN `action` `a` ON `pp`.`action_id` = `a`.`id`
WHERE `p`.`profile_id` = :p.profile_id:', [...], false)
 2 APPPATH\Models\ProfileModel.php(27): CodeIgniter\Database\BaseBuilder->get()
 3 APPPATH\Controllers\ProfilePermission.php(28): App\Models\ProfileModel->getPermissionsByProfile('1')
 4 SYSTEMPATH\CodeIgniter.php(919): App\Controllers\ProfilePermission->getPermissionsByProfile('1')
 5 SYSTEMPATH\CodeIgniter.php(494): CodeIgniter\CodeIgniter->runController(Object(App\Controllers\ProfilePermission))
 6 SYSTEMPATH\CodeIgniter.php(353): CodeIgniter\CodeIgniter->handleRequest(null, Object(Config\Cache), false)
 7 FCPATH\index.php(79): CodeIgniter\CodeIgniter->run()
DEBUG - 2023-10-27 06:55:45 --> Fetching permissions for Profile ID: 2
ERROR - 2023-10-27 06:55:45 --> mysqli_sql_exception: Unknown column 'a.id' in 'on clause' in C:\xampp\htdocs\CI4\CI4\system\Database\MySQLi\Connection.php:306
Stack trace:
#0 C:\xampp\htdocs\CI4\CI4\system\Database\MySQLi\Connection.php(306): mysqli->query('SELECT `m`.`mod...', 0)
#1 C:\xampp\htdocs\CI4\CI4\system\Database\BaseConnection.php(692): CodeIgniter\Database\MySQLi\Connection->execute('SELECT `m`.`mod...')
#2 C:\xampp\htdocs\CI4\CI4\system\Database\BaseConnection.php(606): CodeIgniter\Database\BaseConnection->simpleQuery('SELECT `m`.`mod...')
#3 C:\xampp\htdocs\CI4\CI4\system\Database\BaseBuilder.php(1615): CodeIgniter\Database\BaseConnection->query('SELECT `m`.`mod...', Array, false)
#4 C:\xampp\htdocs\CI4\CI4\app\Models\ProfileModel.php(27): CodeIgniter\Database\BaseBuilder->get()
#5 C:\xampp\htdocs\CI4\CI4\app\Controllers\ProfilePermission.php(28): App\Models\ProfileModel->getPermissionsByProfile('2')
#6 C:\xampp\htdocs\CI4\CI4\system\CodeIgniter.php(919): App\Controllers\ProfilePermission->getPermissionsByProfile('2')
#7 C:\xampp\htdocs\CI4\CI4\system\CodeIgniter.php(494): CodeIgniter\CodeIgniter->runController(Object(App\Controllers\ProfilePermission))
#8 C:\xampp\htdocs\CI4\CI4\system\CodeIgniter.php(353): CodeIgniter\CodeIgniter->handleRequest(NULL, Object(Config\Cache), false)
#9 C:\xampp\htdocs\CI4\CI4\public\index.php(79): CodeIgniter\CodeIgniter->run()
#10 {main}
CRITICAL - 2023-10-27 06:55:45 --> Unknown column 'a.id' in 'on clause'
in SYSTEMPATH\Database\BaseConnection.php on line 646.
 1 SYSTEMPATH\Database\BaseBuilder.php(1615): CodeIgniter\Database\BaseConnection->query('SELECT `m`.`module_name`, `a`.`action_name`, `pp`.`status`
FROM `profilepermissions` `pp`
JOIN `profile` `p` ON `pp`.`profile_id` = `p`.`profile_id`
JOIN `module` `m` ON `pp`.`module_id` = `m`.`module_id`
LEFT JOIN `action` `a` ON `pp`.`action_id` = `a`.`id`
WHERE `p`.`profile_id` = :p.profile_id:', [...], false)
 2 APPPATH\Models\ProfileModel.php(27): CodeIgniter\Database\BaseBuilder->get()
 3 APPPATH\Controllers\ProfilePermission.php(28): App\Models\ProfileModel->getPermissionsByProfile('2')
 4 SYSTEMPATH\CodeIgniter.php(919): App\Controllers\ProfilePermission->getPermissionsByProfile('2')
 5 SYSTEMPATH\CodeIgniter.php(494): CodeIgniter\CodeIgniter->runController(Object(App\Controllers\ProfilePermission))
 6 SYSTEMPATH\CodeIgniter.php(353): CodeIgniter\CodeIgniter->handleRequest(null, Object(Config\Cache), false)
 7 FCPATH\index.php(79): CodeIgniter\CodeIgniter->run()
DEBUG - 2023-10-27 06:55:47 --> Fetching permissions for Profile ID: 1
ERROR - 2023-10-27 06:55:47 --> mysqli_sql_exception: Unknown column 'a.id' in 'on clause' in C:\xampp\htdocs\CI4\CI4\system\Database\MySQLi\Connection.php:306
Stack trace:
#0 C:\xampp\htdocs\CI4\CI4\system\Database\MySQLi\Connection.php(306): mysqli->query('SELECT `m`.`mod...', 0)
#1 C:\xampp\htdocs\CI4\CI4\system\Database\BaseConnection.php(692): CodeIgniter\Database\MySQLi\Connection->execute('SELECT `m`.`mod...')
#2 C:\xampp\htdocs\CI4\CI4\system\Database\BaseConnection.php(606): CodeIgniter\Database\BaseConnection->simpleQuery('SELECT `m`.`mod...')
#3 C:\xampp\htdocs\CI4\CI4\system\Database\BaseBuilder.php(1615): CodeIgniter\Database\BaseConnection->query('SELECT `m`.`mod...', Array, false)
#4 C:\xampp\htdocs\CI4\CI4\app\Models\ProfileModel.php(27): CodeIgniter\Database\BaseBuilder->get()
#5 C:\xampp\htdocs\CI4\CI4\app\Controllers\ProfilePermission.php(28): App\Models\ProfileModel->getPermissionsByProfile('1')
#6 C:\xampp\htdocs\CI4\CI4\system\CodeIgniter.php(919): App\Controllers\ProfilePermission->getPermissionsByProfile('1')
#7 C:\xampp\htdocs\CI4\CI4\system\CodeIgniter.php(494): CodeIgniter\CodeIgniter->runController(Object(App\Controllers\ProfilePermission))
#8 C:\xampp\htdocs\CI4\CI4\system\CodeIgniter.php(353): CodeIgniter\CodeIgniter->handleRequest(NULL, Object(Config\Cache), false)
#9 C:\xampp\htdocs\CI4\CI4\public\index.php(79): CodeIgniter\CodeIgniter->run()
#10 {main}
CRITICAL - 2023-10-27 06:55:47 --> Unknown column 'a.id' in 'on clause'
in SYSTEMPATH\Database\BaseConnection.php on line 646.
 1 SYSTEMPATH\Database\BaseBuilder.php(1615): CodeIgniter\Database\BaseConnection->query('SELECT `m`.`module_name`, `a`.`action_name`, `pp`.`status`
FROM `profilepermissions` `pp`
JOIN `profile` `p` ON `pp`.`profile_id` = `p`.`profile_id`
JOIN `module` `m` ON `pp`.`module_id` = `m`.`module_id`
LEFT JOIN `action` `a` ON `pp`.`action_id` = `a`.`id`
WHERE `p`.`profile_id` = :p.profile_id:', [...], false)
 2 APPPATH\Models\ProfileModel.php(27): CodeIgniter\Database\BaseBuilder->get()
 3 APPPATH\Controllers\ProfilePermission.php(28): App\Models\ProfileModel->getPermissionsByProfile('1')
 4 SYSTEMPATH\CodeIgniter.php(919): App\Controllers\ProfilePermission->getPermissionsByProfile('1')
 5 SYSTEMPATH\CodeIgniter.php(494): CodeIgniter\CodeIgniter->runController(Object(App\Controllers\ProfilePermission))
 6 SYSTEMPATH\CodeIgniter.php(353): CodeIgniter\CodeIgniter->handleRequest(null, Object(Config\Cache), false)
 7 FCPATH\index.php(79): CodeIgniter\CodeIgniter->run()
INFO - 2023-10-27 06:59:33 --> Session: Class initialized using 'CodeIgniter\Session\Handlers\FileHandler' driver.
DEBUG - 2023-10-27 06:59:35 --> Fetching permissions for Profile ID: 1
INFO - 2023-10-27 07:01:16 --> Session: Class initialized using 'CodeIgniter\Session\Handlers\FileHandler' driver.
DEBUG - 2023-10-27 07:01:17 --> Fetching permissions for Profile ID: 1
INFO - 2023-10-27 07:02:47 --> Session: Class initialized using 'CodeIgniter\Session\Handlers\FileHandler' driver.
INFO - 2023-10-27 07:03:06 --> Session: Class initialized using 'CodeIgniter\Session\Handlers\FileHandler' driver.
DEBUG - 2023-10-27 07:03:07 --> Fetching permissions for Profile ID: 1
DEBUG - 2023-10-27 07:03:19 --> Fetching permissions for Profile ID: 3
DEBUG - 2023-10-27 07:03:21 --> Fetching permissions for Profile ID: 2
DEBUG - 2023-10-27 07:03:26 --> Fetching permissions for Profile ID: 1
INFO - 2023-10-27 07:05:30 --> Session: Class initialized using 'CodeIgniter\Session\Handlers\FileHandler' driver.
DEBUG - 2023-10-27 07:05:31 --> Fetching permissions for Profile ID: 2
DEBUG - 2023-10-27 07:05:33 --> Fetching permissions for Profile ID: 1
DEBUG - 2023-10-27 07:05:35 --> Fetching permissions for Profile ID: 2
INFO - 2023-10-27 07:05:38 --> Session: Class initialized using 'CodeIgniter\Session\Handlers\FileHandler' driver.
DEBUG - 2023-10-27 07:05:39 --> Fetching permissions for Profile ID: 4
DEBUG - 2023-10-27 07:05:41 --> Fetching permissions for Profile ID: 1
INFO - 2023-10-27 07:06:47 --> Session: Class initialized using 'CodeIgniter\Session\Handlers\FileHandler' driver.
DEBUG - 2023-10-27 07:06:48 --> Fetching permissions for Profile ID: 1
INFO - 2023-10-27 07:07:19 --> Session: Class initialized using 'CodeIgniter\Session\Handlers\FileHandler' driver.
DEBUG - 2023-10-27 07:07:21 --> Fetching permissions for Profile ID: 1
CRITICAL - 2023-10-27 07:13:30 --> Invalid file: "profile_permission_view.php"
in SYSTEMPATH\Exceptions\FrameworkException.php on line 39.
 1 SYSTEMPATH\View\View.php(214): CodeIgniter\Exceptions\FrameworkException::forInvalidFile('profile_permission_view.php')
 2 SYSTEMPATH\Common.php(1188): CodeIgniter\View\View->render('profile_permission_view', [], true)
 3 APPPATH\Controllers\ProfilePermission.php(19): view('profile_permission_view', [...])
 4 SYSTEMPATH\CodeIgniter.php(919): App\Controllers\ProfilePermission->index()
 5 SYSTEMPATH\CodeIgniter.php(494): CodeIgniter\CodeIgniter->runController(Object(App\Controllers\ProfilePermission))
 6 SYSTEMPATH\CodeIgniter.php(353): CodeIgniter\CodeIgniter->handleRequest(null, Object(Config\Cache), false)
 7 FCPATH\index.php(79): CodeIgniter\CodeIgniter->run()
INFO - 2023-10-27 07:13:50 --> Session: Class initialized using 'CodeIgniter\Session\Handlers\FileHandler' driver.
ERROR - 2023-10-27 07:13:52 --> mysqli_sql_exception: Unknown column 'delete_dashboard' in 'field list' in C:\xampp\htdocs\CI4\CI4\system\Database\MySQLi\Connection.php:306
Stack trace:
#0 C:\xampp\htdocs\CI4\CI4\system\Database\MySQLi\Connection.php(306): mysqli->query('SELECT `profile...', 0)
#1 C:\xampp\htdocs\CI4\CI4\system\Database\BaseConnection.php(692): CodeIgniter\Database\MySQLi\Connection->execute('SELECT `profile...')
#2 C:\xampp\htdocs\CI4\CI4\system\Database\BaseConnection.php(606): CodeIgniter\Database\BaseConnection->simpleQuery('SELECT `profile...')
#3 C:\xampp\htdocs\CI4\CI4\system\Database\BaseBuilder.php(1615): CodeIgniter\Database\BaseConnection->query('SELECT `profile...', Array, false)
#4 C:\xampp\htdocs\CI4\CI4\app\Models\ProfileModel.php(23): CodeIgniter\Database\BaseBuilder->get()
#5 C:\xampp\htdocs\CI4\CI4\app\Controllers\ProfilePermission.php(28): App\Models\ProfileModel->getDashboardPermissionsByProfile('1')
#6 C:\xampp\htdocs\CI4\CI4\system\CodeIgniter.php(919): App\Controllers\ProfilePermission->getPermissionsByProfile('1')
#7 C:\xampp\htdocs\CI4\CI4\system\CodeIgniter.php(494): CodeIgniter\CodeIgniter->runController(Object(App\Controllers\ProfilePermission))
#8 C:\xampp\htdocs\CI4\CI4\system\CodeIgniter.php(353): CodeIgniter\CodeIgniter->handleRequest(NULL, Object(Config\Cache), false)
#9 C:\xampp\htdocs\CI4\CI4\public\index.php(79): CodeIgniter\CodeIgniter->run()
#10 {main}
CRITICAL - 2023-10-27 07:13:52 --> Unknown column 'delete_dashboard' in 'field list'
in SYSTEMPATH\Database\BaseConnection.php on line 646.
 1 SYSTEMPATH\Database\BaseBuilder.php(1615): CodeIgniter\Database\BaseConnection->query('SELECT `profiledashboard_id`, `add_dashboard`, `view_dashboard`, `edit_dashboard`, `delete_dashboard`
FROM `profiledashboard`
WHERE `profile_id` = :profile_id:', [...], false)
 2 APPPATH\Models\ProfileModel.php(23): CodeIgniter\Database\BaseBuilder->get()
 3 APPPATH\Controllers\ProfilePermission.php(28): App\Models\ProfileModel->getDashboardPermissionsByProfile('1')
 4 SYSTEMPATH\CodeIgniter.php(919): App\Controllers\ProfilePermission->getPermissionsByProfile('1')
 5 SYSTEMPATH\CodeIgniter.php(494): CodeIgniter\CodeIgniter->runController(Object(App\Controllers\ProfilePermission))
 6 SYSTEMPATH\CodeIgniter.php(353): CodeIgniter\CodeIgniter->handleRequest(null, Object(Config\Cache), false)
 7 FCPATH\index.php(79): CodeIgniter\CodeIgniter->run()
ERROR - 2023-10-27 07:14:18 --> mysqli_sql_exception: Unknown column 'delete_dashboard' in 'field list' in C:\xampp\htdocs\CI4\CI4\system\Database\MySQLi\Connection.php:306
Stack trace:
#0 C:\xampp\htdocs\CI4\CI4\system\Database\MySQLi\Connection.php(306): mysqli->query('SELECT `profile...', 0)
#1 C:\xampp\htdocs\CI4\CI4\system\Database\BaseConnection.php(692): CodeIgniter\Database\MySQLi\Connection->execute('SELECT `profile...')
#2 C:\xampp\htdocs\CI4\CI4\system\Database\BaseConnection.php(606): CodeIgniter\Database\BaseConnection->simpleQuery('SELECT `profile...')
#3 C:\xampp\htdocs\CI4\CI4\system\Database\BaseBuilder.php(1615): CodeIgniter\Database\BaseConnection->query('SELECT `profile...', Array, false)
#4 C:\xampp\htdocs\CI4\CI4\app\Models\ProfileModel.php(23): CodeIgniter\Database\BaseBuilder->get()
#5 C:\xampp\htdocs\CI4\CI4\app\Controllers\ProfilePermission.php(28): App\Models\ProfileModel->getDashboardPermissionsByProfile('2')
#6 C:\xampp\htdocs\CI4\CI4\system\CodeIgniter.php(919): App\Controllers\ProfilePermission->getPermissionsByProfile('2')
#7 C:\xampp\htdocs\CI4\CI4\system\CodeIgniter.php(494): CodeIgniter\CodeIgniter->runController(Object(App\Controllers\ProfilePermission))
#8 C:\xampp\htdocs\CI4\CI4\system\CodeIgniter.php(353): CodeIgniter\CodeIgniter->handleRequest(NULL, Object(Config\Cache), false)
#9 C:\xampp\htdocs\CI4\CI4\public\index.php(79): CodeIgniter\CodeIgniter->run()
#10 {main}
CRITICAL - 2023-10-27 07:14:18 --> Unknown column 'delete_dashboard' in 'field list'
in SYSTEMPATH\Database\BaseConnection.php on line 646.
 1 SYSTEMPATH\Database\BaseBuilder.php(1615): CodeIgniter\Database\BaseConnection->query('SELECT `profiledashboard_id`, `add_dashboard`, `view_dashboard`, `edit_dashboard`, `delete_dashboard`
FROM `profiledashboard`
WHERE `profile_id` = :profile_id:', [...], false)
 2 APPPATH\Models\ProfileModel.php(23): CodeIgniter\Database\BaseBuilder->get()
 3 APPPATH\Controllers\ProfilePermission.php(28): App\Models\ProfileModel->getDashboardPermissionsByProfile('2')
 4 SYSTEMPATH\CodeIgniter.php(919): App\Controllers\ProfilePermission->getPermissionsByProfile('2')
 5 SYSTEMPATH\CodeIgniter.php(494): CodeIgniter\CodeIgniter->runController(Object(App\Controllers\ProfilePermission))
 6 SYSTEMPATH\CodeIgniter.php(353): CodeIgniter\CodeIgniter->handleRequest(null, Object(Config\Cache), false)
 7 FCPATH\index.php(79): CodeIgniter\CodeIgniter->run()
ERROR - 2023-10-27 07:14:19 --> mysqli_sql_exception: Unknown column 'delete_dashboard' in 'field list' in C:\xampp\htdocs\CI4\CI4\system\Database\MySQLi\Connection.php:306
Stack trace:
#0 C:\xampp\htdocs\CI4\CI4\system\Database\MySQLi\Connection.php(306): mysqli->query('SELECT `profile...', 0)
#1 C:\xampp\htdocs\CI4\CI4\system\Database\BaseConnection.php(692): CodeIgniter\Database\MySQLi\Connection->execute('SELECT `profile...')
#2 C:\xampp\htdocs\CI4\CI4\system\Database\BaseConnection.php(606): CodeIgniter\Database\BaseConnection->simpleQuery('SELECT `profile...')
#3 C:\xampp\htdocs\CI4\CI4\system\Database\BaseBuilder.php(1615): CodeIgniter\Database\BaseConnection->query('SELECT `profile...', Array, false)
#4 C:\xampp\htdocs\CI4\CI4\app\Models\ProfileModel.php(23): CodeIgniter\Database\BaseBuilder->get()
#5 C:\xampp\htdocs\CI4\CI4\app\Controllers\ProfilePermission.php(28): App\Models\ProfileModel->getDashboardPermissionsByProfile('3')
#6 C:\xampp\htdocs\CI4\CI4\system\CodeIgniter.php(919): App\Controllers\ProfilePermission->getPermissionsByProfile('3')
#7 C:\xampp\htdocs\CI4\CI4\system\CodeIgniter.php(494): CodeIgniter\CodeIgniter->runController(Object(App\Controllers\ProfilePermission))
#8 C:\xampp\htdocs\CI4\CI4\system\CodeIgniter.php(353): CodeIgniter\CodeIgniter->handleRequest(NULL, Object(Config\Cache), false)
#9 C:\xampp\htdocs\CI4\CI4\public\index.php(79): CodeIgniter\CodeIgniter->run()
#10 {main}
CRITICAL - 2023-10-27 07:14:19 --> Unknown column 'delete_dashboard' in 'field list'
in SYSTEMPATH\Database\BaseConnection.php on line 646.
 1 SYSTEMPATH\Database\BaseBuilder.php(1615): CodeIgniter\Database\BaseConnection->query('SELECT `profiledashboard_id`, `add_dashboard`, `view_dashboard`, `edit_dashboard`, `delete_dashboard`
FROM `profiledashboard`
WHERE `profile_id` = :profile_id:', [...], false)
 2 APPPATH\Models\ProfileModel.php(23): CodeIgniter\Database\BaseBuilder->get()
 3 APPPATH\Controllers\ProfilePermission.php(28): App\Models\ProfileModel->getDashboardPermissionsByProfile('3')
 4 SYSTEMPATH\CodeIgniter.php(919): App\Controllers\ProfilePermission->getPermissionsByProfile('3')
 5 SYSTEMPATH\CodeIgniter.php(494): CodeIgniter\CodeIgniter->runController(Object(App\Controllers\ProfilePermission))
 6 SYSTEMPATH\CodeIgniter.php(353): CodeIgniter\CodeIgniter->handleRequest(null, Object(Config\Cache), false)
 7 FCPATH\index.php(79): CodeIgniter\CodeIgniter->run()
INFO - 2023-10-27 07:15:15 --> Session: Class initialized using 'CodeIgniter\Session\Handlers\FileHandler' driver.
ERROR - 2023-10-27 07:15:17 --> mysqli_sql_exception: Unknown column 'delete_dashboard' in 'field list' in C:\xampp\htdocs\CI4\CI4\system\Database\MySQLi\Connection.php:306
Stack trace:
#0 C:\xampp\htdocs\CI4\CI4\system\Database\MySQLi\Connection.php(306): mysqli->query('SELECT `profile...', 0)
#1 C:\xampp\htdocs\CI4\CI4\system\Database\BaseConnection.php(692): CodeIgniter\Database\MySQLi\Connection->execute('SELECT `profile...')
#2 C:\xampp\htdocs\CI4\CI4\system\Database\BaseConnection.php(606): CodeIgniter\Database\BaseConnection->simpleQuery('SELECT `profile...')
#3 C:\xampp\htdocs\CI4\CI4\system\Database\BaseBuilder.php(1615): CodeIgniter\Database\BaseConnection->query('SELECT `profile...', Array, false)
#4 C:\xampp\htdocs\CI4\CI4\app\Models\ProfileModel.php(23): CodeIgniter\Database\BaseBuilder->get()
#5 C:\xampp\htdocs\CI4\CI4\app\Controllers\ProfilePermission.php(28): App\Models\ProfileModel->getDashboardPermissionsByProfile('1')
#6 C:\xampp\htdocs\CI4\CI4\system\CodeIgniter.php(919): App\Controllers\ProfilePermission->getPermissionsByProfile('1')
#7 C:\xampp\htdocs\CI4\CI4\system\CodeIgniter.php(494): CodeIgniter\CodeIgniter->runController(Object(App\Controllers\ProfilePermission))
#8 C:\xampp\htdocs\CI4\CI4\system\CodeIgniter.php(353): CodeIgniter\CodeIgniter->handleRequest(NULL, Object(Config\Cache), false)
#9 C:\xampp\htdocs\CI4\CI4\public\index.php(79): CodeIgniter\CodeIgniter->run()
#10 {main}
CRITICAL - 2023-10-27 07:15:17 --> Unknown column 'delete_dashboard' in 'field list'
in SYSTEMPATH\Database\BaseConnection.php on line 646.
 1 SYSTEMPATH\Database\BaseBuilder.php(1615): CodeIgniter\Database\BaseConnection->query('SELECT `profiledashboard_id`, `add_dashboard`, `view_dashboard`, `edit_dashboard`, `delete_dashboard`
FROM `profiledashboard`
WHERE `profile_id` = :profile_id:', [...], false)
 2 APPPATH\Models\ProfileModel.php(23): CodeIgniter\Database\BaseBuilder->get()
 3 APPPATH\Controllers\ProfilePermission.php(28): App\Models\ProfileModel->getDashboardPermissionsByProfile('1')
 4 SYSTEMPATH\CodeIgniter.php(919): App\Controllers\ProfilePermission->getPermissionsByProfile('1')
 5 SYSTEMPATH\CodeIgniter.php(494): CodeIgniter\CodeIgniter->runController(Object(App\Controllers\ProfilePermission))
 6 SYSTEMPATH\CodeIgniter.php(353): CodeIgniter\CodeIgniter->handleRequest(null, Object(Config\Cache), false)
 7 FCPATH\index.php(79): CodeIgniter\CodeIgniter->run()
INFO - 2023-10-27 07:16:21 --> Session: Class initialized using 'CodeIgniter\Session\Handlers\FileHandler' driver.
INFO - 2023-10-27 07:17:58 --> Session: Class initialized using 'CodeIgniter\Session\Handlers\FileHandler' driver.
INFO - 2023-10-27 07:20:12 --> Session: Class initialized using 'CodeIgniter\Session\Handlers\FileHandler' driver.
INFO - 2023-10-27 07:20:44 --> Session: Class initialized using 'CodeIgniter\Session\Handlers\FileHandler' driver.
INFO - 2023-10-27 07:21:59 --> Session: Class initialized using 'CodeIgniter\Session\Handlers\FileHandler' driver.
INFO - 2023-10-27 07:23:00 --> Session: Class initialized using 'CodeIgniter\Session\Handlers\FileHandler' driver.
INFO - 2023-10-27 07:23:16 --> Session: Class initialized using 'CodeIgniter\Session\Handlers\FileHandler' driver.
INFO - 2023-10-27 07:24:29 --> Session: Class initialized using 'CodeIgniter\Session\Handlers\FileHandler' driver.
INFO - 2023-10-27 07:24:51 --> Session: Class initialized using 'CodeIgniter\Session\Handlers\FileHandler' driver.
INFO - 2023-10-27 07:24:59 --> Session: Class initialized using 'CodeIgniter\Session\Handlers\FileHandler' driver.
INFO - 2023-10-27 07:26:07 --> Session: Class initialized using 'CodeIgniter\Session\Handlers\FileHandler' driver.
INFO - 2023-10-27 07:26:59 --> Session: Class initialized using 'CodeIgniter\Session\Handlers\FileHandler' driver.
